[2023-04-29T00:26:58.122] [INFO] default - Data Source has been initialized!
[2023-04-29T00:31:51.095] [INFO] default - Data Source has been initialized!
[2023-04-29T00:34:34.714] [INFO] default - Data Source has been initialized!
[2023-04-29T00:34:45.669] [INFO] default - [SchedulingTimeHourController] Perform dependency injection for ISchedulingTimeHourEngine
[2023-04-29T00:34:45.669] [INFO] default - [SchedulingTimeHourController] Perform dependency injection successfully
[2023-04-29T00:34:45.669] [INFO] default - Begin executing Operation {"operationId":2,"operationValidatorManager":{}}
[2023-04-29T00:34:45.669] [INFO] default - End executing Operation {"operationId":2,"operationValidatorManager":{}}
[2023-04-29T00:37:09.639] [INFO] default - Data Source has been initialized!
[2023-04-29T00:37:30.755] [INFO] default - [SchedulingTimeHourController] Perform dependency injection for ISchedulingTimeHourEngine
[2023-04-29T00:37:30.756] [INFO] default - Begin executing Operation {"operationId":2,"operationValidatorManager":{}}
[2023-04-29T00:37:30.756] [INFO] default - [AuthenticationOperationTemplate] Perform dependency injection for ITokenEngineRepository
[2023-04-29T00:37:30.756] [INFO] default - End executing Operation {"operationId":2,"operationValidatorManager":{}}
[2023-04-29T00:39:36.103] [INFO] default - Data Source has been initialized!
[2023-04-29T00:39:39.084] [INFO] default - [SchedulingTimeHourController] Perform dependency injection for ISchedulingTimeHourEngine
[2023-04-29T00:39:39.084] [INFO] default - Begin executing Operation {"operationId":2,"operationValidatorManager":{}}
[2023-04-29T00:39:39.084] [INFO] default - [AuthenticationOperationTemplate] Perform dependency injection for ITokenEngineRepository
[2023-04-29T00:39:39.085] [INFO] default - End executing Operation {"operationId":2,"operationValidatorManager":{}}
[2023-04-29T00:42:02.510] [INFO] default - Data Source has been initialized!
[2023-04-29T00:42:51.587] [INFO] default - Data Source has been initialized!
[2023-04-29T00:42:51.647] [INFO] default - [SchedulingTimeHourController] Perform dependency injection for ISchedulingTimeHourEngine
[2023-04-29T00:42:51.648] [INFO] default - Begin executing Operation {"operationId":2,"operationValidatorManager":{}}
[2023-04-29T00:42:51.648] [INFO] default - [AuthenticationOperationTemplate] Perform dependency injection for ITokenEngineRepository
[2023-04-29T00:42:51.648] [INFO] default - [AuthenticationOperationTemplate] Perform dependency injection successfully for ITokenRepository 
[2023-04-29T00:42:51.648] [INFO] default - End executing Operation {"operationId":2,"operationValidatorManager":{}}
[2023-04-29T00:42:54.164] [INFO] default - [SchedulingTimeHourController] Perform dependency injection for ISchedulingTimeHourEngine
[2023-04-29T00:42:54.164] [INFO] default - Begin executing Operation {"operationId":2,"operationValidatorManager":{}}
[2023-04-29T00:42:54.164] [INFO] default - [AuthenticationOperationTemplate] Perform dependency injection for ITokenEngineRepository
[2023-04-29T00:42:54.164] [INFO] default - [AuthenticationOperationTemplate] Perform dependency injection successfully for ITokenRepository 
[2023-04-29T00:42:54.165] [INFO] default - End executing Operation {"operationId":2,"operationValidatorManager":{}}
[2023-04-29T00:44:14.463] [INFO] default - Data Source has been initialized!
[2023-04-29T00:44:34.491] [INFO] default - Data Source has been initialized!
[2023-04-29T00:45:25.012] [INFO] default - Data Source has been initialized!
[2023-04-29T00:48:15.434] [INFO] default - Data Source has been initialized!
[2023-04-29T00:48:34.140] [INFO] default - Data Source has been initialized!
[2023-04-29T00:49:06.273] [INFO] default - Data Source has been initialized!
[2023-04-29T00:49:16.863] [INFO] default - [SchedulingTimeHourController] Perform dependency injection for ISchedulingTimeHourEngine
[2023-04-29T00:49:16.864] [INFO] default - [SchedulingTimeHourController] Perform dependency injection for ISchedulingTimeHourEngine was successfully
[2023-04-29T00:49:16.864] [INFO] default - Begin executing Operation {"operationId":2,"operationValidatorManager":{}}
[2023-04-29T00:49:16.864] [INFO] default - [AuthenticationOperationTemplate] Perform dependency injection for ITokenEngineRepository
[2023-04-29T00:49:16.864] [INFO] default - [AuthenticationOperationTemplate] Perform dependency injection successfully for ITokenRepository 
[2023-04-29T00:49:16.864] [INFO] default - [AuthenticationOperationTemplate] Perform dependency injection for IInitialActionEngineRespository
[2023-04-29T00:49:16.864] [INFO] default - [AuthenticationOperationTemplate] Perform dependency injection for IInitialActionEngineRespository was successfully
[2023-04-29T00:49:16.864] [INFO] default - [AFTER ASYNC CALL] - Begin searching for valid token
[2023-04-29T00:49:16.867] [INFO] default - End executing Operation {"operationId":2,"operationValidatorManager":{}}
[2023-04-29T00:49:16.913] [ERROR] default - Does not exist a valid token
[2023-04-29T00:50:53.789] [INFO] default - Data Source has been initialized!
[2023-04-29T00:50:55.297] [INFO] default - [SchedulingTimeHourController] Perform dependency injection for ISchedulingTimeHourEngine
[2023-04-29T00:50:55.297] [INFO] default - [SchedulingTimeHourController] Perform dependency injection for ISchedulingTimeHourEngine was successfully
[2023-04-29T00:51:07.878] [INFO] default - Data Source has been initialized!
[2023-04-29T00:51:09.243] [INFO] default - [SchedulingTimeHourController] Perform dependency injection for ISchedulingTimeHourEngine
[2023-04-29T00:51:09.243] [INFO] default - [SchedulingTimeHourController] Perform dependency injection for ISchedulingTimeHourEngine was successfully
[2023-04-29T00:51:09.243] [INFO] default - Begin executing Operation {"operationId":2,"operationValidatorManager":{}}
[2023-04-29T00:51:09.243] [INFO] default - [AuthenticationOperationTemplate] Perform dependency injection for ITokenEngineRepository
[2023-04-29T00:51:25.040] [INFO] default - Data Source has been initialized!
[2023-04-29T00:51:26.415] [INFO] default - [SchedulingTimeHourController] Perform dependency injection for ISchedulingTimeHourEngine
[2023-04-29T00:51:26.415] [INFO] default - [SchedulingTimeHourController] Perform dependency injection for ISchedulingTimeHourEngine was successfully
[2023-04-29T01:01:04.243] [INFO] default - Data Source has been initialized!
[2023-04-29T01:01:05.358] [INFO] default - [SchedulingTimeHourController] Perform dependency injection for ISchedulingTimeHourEngine
[2023-04-29T01:01:05.359] [INFO] default - [SchedulingTimeHourController] Perform dependency injection for ISchedulingTimeHourEngine was successfully
[2023-04-29T01:01:05.359] [INFO] default - Begin executing Operation {"operationId":2,"operationValidatorManager":{}}
[2023-04-29T01:01:05.359] [INFO] default - [AuthenticationOperationTemplate] Perform dependency injection for ITokenEngineRepository
[2023-04-29T01:01:05.359] [INFO] default - [AuthenticationOperationTemplate] Perform dependency injection successfully for ITokenRepository 
[2023-04-29T01:01:05.359] [INFO] default - [AuthenticationOperationTemplate] Perform dependency injection for IInitialActionEngineRespository
[2023-04-29T01:01:05.359] [INFO] default - [AuthenticationOperationTemplate] Perform dependency injection for IInitialActionEngineRespository was successfully
[2023-04-29T01:01:05.359] [INFO] default - [AFTER ASYNC CALL] - Begin searching for valid token
[2023-04-29T01:01:05.362] [INFO] default - End executing Operation {"operationId":2,"operationValidatorManager":{}}
[2023-04-29T01:01:05.372] [ERROR] default - Error while searching for user's initial action for operationID 2
