[2023-06-22T00:28:15.889] [ERROR] default - Error during Data Source initialization: QueryFailedError: ER_INVALID_USE_OF_NULL: Invalid use of NULL value
    at Query.<anonymous> (C:\GIT\Personal\Nantoi\cgrgba-api\src\driver\mysql\MysqlQueryRunner.ts:222:33)
    at Query.<anonymous> (C:\GIT\Personal\Nantoi\cgrgba-api\node_modules\mysql\lib\Connection.js:526:10)
    at Query._callback (C:\GIT\Personal\Nantoi\cgrgba-api\node_modules\mysql\lib\Connection.js:488:16)
    at Query.Sequence.end (C:\GIT\Personal\Nantoi\cgrgba-api\node_modules\mysql\lib\protocol\sequences\Sequence.js:83:24)
    at Query.ErrorPacket (C:\GIT\Personal\Nantoi\cgrgba-api\node_modules\mysql\lib\protocol\sequences\Query.js:92:8)
    at Protocol._parsePacket (C:\GIT\Personal\Nantoi\cgrgba-api\node_modules\mysql\lib\protocol\Protocol.js:291:23)
    at Parser._parsePacket (C:\GIT\Personal\Nantoi\cgrgba-api\node_modules\mysql\lib\protocol\Parser.js:433:10)
    at Parser.write (C:\GIT\Personal\Nantoi\cgrgba-api\node_modules\mysql\lib\protocol\Parser.js:43:10)
    at Protocol.write (C:\GIT\Personal\Nantoi\cgrgba-api\node_modules\mysql\lib\protocol\Protocol.js:38:16)
    at Socket.<anonymous> (C:\GIT\Personal\Nantoi\cgrgba-api\node_modules\mysql\lib\Connection.js:88:28) {
  query: 'ALTER TABLE `role` CHANGE `roleStatusCode` `roleStatusCode` varchar(255) NOT NULL',
  parameters: undefined,
  driverError: Error: ER_INVALID_USE_OF_NULL: Invalid use of NULL value
      at Query.Sequence._packetToError (C:\GIT\Personal\Nantoi\cgrgba-api\node_modules\mysql\lib\protocol\sequences\Sequence.js:47:14)
      at Query.ErrorPacket (C:\GIT\Personal\Nantoi\cgrgba-api\node_modules\mysql\lib\protocol\sequences\Query.js:79:18)
      at Protocol._parsePacket (C:\GIT\Personal\Nantoi\cgrgba-api\node_modules\mysql\lib\protocol\Protocol.js:291:23)
      at Parser._parsePacket (C:\GIT\Personal\Nantoi\cgrgba-api\node_modules\mysql\lib\protocol\Parser.js:433:10)
      at Parser.write (C:\GIT\Personal\Nantoi\cgrgba-api\node_modules\mysql\lib\protocol\Parser.js:43:10)
      at Protocol.write (C:\GIT\Personal\Nantoi\cgrgba-api\node_modules\mysql\lib\protocol\Protocol.js:38:16)
      at Socket.<anonymous> (C:\GIT\Personal\Nantoi\cgrgba-api\node_modules\mysql\lib\Connection.js:88:28)
      at Socket.<anonymous> (C:\GIT\Personal\Nantoi\cgrgba-api\node_modules\mysql\lib\Connection.js:526:10)
      at Socket.emit (node:events:513:28)
      at Socket.emit (node:domain:489:12)
      --------------------
      at Protocol._enqueue (C:\GIT\Personal\Nantoi\cgrgba-api\node_modules\mysql\lib\protocol\Protocol.js:144:48)
      at PoolConnection.query (C:\GIT\Personal\Nantoi\cgrgba-api\node_modules\mysql\lib\Connection.js:198:25)
      at C:\GIT\Personal\Nantoi\cgrgba-api\src\driver\mysql\MysqlQueryRunner.ts:194:36
      at processTicksAndRejections (node:internal/process/task_queues:95:5) {
    code: 'ER_INVALID_USE_OF_NULL',
    errno: 1138,
    sqlMessage: 'Invalid use of NULL value',
    sqlState: '22004',
    index: 0,
    sql: 'ALTER TABLE `role` CHANGE `roleStatusCode` `roleStatusCode` varchar(255) NOT NULL'
  },
  code: 'ER_INVALID_USE_OF_NULL',
  errno: 1138,
  sqlMessage: 'Invalid use of NULL value',
  sqlState: '22004',
  index: 0,
  sql: 'ALTER TABLE `role` CHANGE `roleStatusCode` `roleStatusCode` varchar(255) NOT NULL'
}
[2023-06-22T00:29:51.500] [INFO] default - Server started on port 3000
[2023-06-22T00:29:51.502] [INFO] default - [cretePermissions] Perform dependency injection for IPermissionEngineRepository
[2023-06-22T00:29:51.502] [INFO] default - [cretePermissions] Perform dependency injection for IPermissionGroupEngineRepository
[2023-06-22T00:29:51.502] [INFO] default - [cretePermissions] Start creating all permission automatically..
[2023-06-22T00:29:51.510] [INFO] default - [cretePermissions] Find role by name
[2023-06-22T00:29:51.512] [INFO] default - [cretePermissions] Creating USER
[2023-06-22T00:29:51.522] [INFO] default - [cretePermissions] Creating Admin
[2023-06-22T00:29:51.534] [INFO] default - [cretePermissions] Find role by name
[2023-06-22T00:29:51.537] [INFO] default - [cretePermissions] Creating Admin
[2023-06-22T00:29:51.543] [INFO] default - [cretePermissions] Find role by name
[2023-06-22T00:29:51.544] [INFO] default - [cretePermissions] Creating Admin
[2023-06-22T00:29:51.550] [INFO] default - [cretePermissions] Find role by name
[2023-06-22T00:29:51.551] [INFO] default - [cretePermissions] Creating Admin
[2023-06-22T00:29:51.559] [INFO] default - [cretePermissions] Find role by name
[2023-06-22T00:29:51.560] [INFO] default - [cretePermissions] Creating Admin
[2023-06-22T00:29:51.569] [INFO] default - [cretePermissions] Find role by name
[2023-06-22T00:29:51.570] [INFO] default - [cretePermissions] Creating Admin
[2023-06-22T00:29:51.576] [INFO] default - [cretePermissions] Find role by name
[2023-06-22T00:29:51.577] [INFO] default - [cretePermissions] Creating Admin
[2023-06-22T00:29:51.586] [INFO] default - [cretePermissions] Find role by name
[2023-06-22T00:29:51.587] [INFO] default - [cretePermissions] Creating Admin
[2023-06-22T00:29:51.595] [INFO] default - [cretePermissions] Find role by name
[2023-06-22T00:29:51.596] [INFO] default - [cretePermissions] Creating TIMESLOT
[2023-06-22T00:29:51.602] [INFO] default - [cretePermissions] Creating Admin
[2023-06-22T00:29:51.611] [INFO] default - [cretePermissions] Find role by name
[2023-06-22T00:29:51.612] [INFO] default - [cretePermissions] Creating Admin
[2023-06-22T00:29:51.619] [INFO] default - [cretePermissions] Find role by name
[2023-06-22T00:29:51.620] [INFO] default - [cretePermissions] Creating SCHEDULING
[2023-06-22T00:29:51.624] [INFO] default - [cretePermissions] Creating Admin
[2023-06-22T00:29:51.629] [INFO] default - [cretePermissions] Find role by name
[2023-06-22T00:29:51.630] [INFO] default - [cretePermissions] Creating Admin
[2023-06-22T00:29:51.637] [INFO] default - [cretePermissions] Find role by name
[2023-06-22T00:29:51.638] [INFO] default - [cretePermissions] Creating Admin
[2023-06-22T00:29:51.643] [INFO] default - [cretePermissions] Find role by name
[2023-06-22T00:29:51.644] [INFO] default - [cretePermissions] Creating Admin
[2023-06-22T00:29:51.650] [INFO] default - [cretePermissions] Find role by name
[2023-06-22T00:29:51.651] [INFO] default - [cretePermissions] Creating Admin
[2023-06-22T00:29:51.658] [INFO] default - [cretePermissions] Find role by name
[2023-06-22T00:29:51.659] [INFO] default - [cretePermissions] Creating Admin
[2023-06-22T00:29:51.664] [INFO] default - [cretePermissions] Find role by name
[2023-06-22T00:29:51.665] [INFO] default - [cretePermissions] Creating Admin
[2023-06-22T00:29:51.671] [INFO] default - [cretePermissions] Find role by name
[2023-06-22T00:29:51.672] [INFO] default - [cretePermissions] Creating PORTAL
[2023-06-22T00:29:51.675] [INFO] default - [cretePermissions] Creating Admin
[2023-06-22T00:29:51.680] [INFO] default - [cretePermissions] Find role by name
[2023-06-22T00:29:51.681] [INFO] default - [cretePermissions] Creating Admin
[2023-06-22T00:29:51.687] [INFO] default - [cretePermissions] Find role by name
[2023-06-22T00:29:51.688] [INFO] default - [cretePermissions] Creating Admin
[2023-06-22T00:29:51.693] [INFO] default - [cretePermissions] Find role by name
[2023-06-22T00:29:51.693] [INFO] default - [cretePermissions] Creating FEEDBACK
[2023-06-22T00:29:51.699] [INFO] default - [cretePermissions] Creating Admin
[2023-06-22T00:29:51.708] [INFO] default - [cretePermissions] Find role by name
[2023-06-22T00:29:51.710] [INFO] default - [cretePermissions] Creating ROLE
[2023-06-22T00:29:51.714] [INFO] default - [cretePermissions] Creating Admin
[2023-06-22T00:29:51.723] [INFO] default - [cretePermissions] Find role by name
[2023-06-22T00:29:51.725] [INFO] default - [cretePermissions] Creating Admin
[2023-06-22T00:29:51.731] [INFO] default - [cretePermissions] Find role by name
[2023-06-22T00:29:51.732] [INFO] default - [cretePermissions] Creating Admin
[2023-06-22T00:29:51.739] [INFO] default - [cretePermissions] Find role by name
[2023-06-22T00:29:51.739] [INFO] default - [cretePermissions] Creating Admin
[2023-06-22T00:29:51.746] [INFO] default - [cretePermissions] Find role by name
[2023-06-22T00:29:51.748] [INFO] default - [cretePermissions] Creating Admin
[2023-06-22T00:29:51.756] [INFO] default - [cretePermissions] Find role by name
[2023-06-22T00:29:51.757] [INFO] default - [cretePermissions] Creating Admin
[2023-06-22T00:29:51.764] [INFO] default - [cretePermissions] Find role by name
[2023-06-22T00:29:51.765] [INFO] default - [cretePermissions] Creating DOCUMENT
[2023-06-22T00:29:51.770] [INFO] default - [cretePermissions] Creating Admin
[2023-06-22T00:29:51.775] [INFO] default - [cretePermissions] Find role by name
[2023-06-22T00:29:51.776] [INFO] default - [cretePermissions] Creating Admin
[2023-06-22T00:29:51.781] [INFO] default - [cretePermissions] Find role by name
[2023-06-22T00:29:51.782] [INFO] default - [cretePermissions] Creating SESSION
[2023-06-22T00:29:51.783] [INFO] default - [cretePermissions] Creating Admin
[2023-06-22T00:29:51.784] [INFO] default - [cretePermissions] Find role by name
[2023-06-22T00:29:51.785] [INFO] default - [cretePermissions] Creating SESSION
[2023-06-22T00:29:51.785] [INFO] default - [cretePermissions] Creating Admin
[2023-06-22T00:29:51.786] [INFO] default - [cretePermissions] Find role by name
[2023-06-22T00:29:51.787] [INFO] default - [cretePermissions] Creating PERMISSION
[2023-06-22T00:29:51.790] [INFO] default - [cretePermissions] Creating Admin
[2023-06-22T00:29:51.795] [INFO] default - [cretePermissions] Find role by name
[2023-06-22T00:29:51.795] [INFO] default - [cretePermissions] Creating Admin
[2023-06-22T00:29:51.802] [INFO] default - [cretePermissions] Find role by name
[2023-06-22T00:29:51.803] [INFO] default - [cretePermissions] Creating Admin
[2023-06-22T00:29:51.812] [INFO] default - [cretePermissions] Find role by name
[2023-06-22T00:29:51.813] [INFO] default - [cretePermissions] Creating Admin
[2023-06-22T00:29:51.822] [INFO] default - [cretePermissions] Find role by name
[2023-06-22T00:29:51.822] [INFO] default - [cretePermissions] Creating Admin
[2023-06-22T00:29:51.826] [INFO] default - [cretePermissions] End creating all permission automatically...
[2023-06-22T00:29:51.826] [INFO] default - [creteRoleAdmin] Perform dependency injection for IRoleEngineRepository
[2023-06-22T00:29:51.827] [INFO] default - [creteRoleAdmin] Find role by name
[2023-06-22T00:29:51.828] [INFO] default - [creteRoleAdmin] Role was found:null
[2023-06-22T00:29:51.851] [INFO] default - [creteRoleAdmin] Creating Admin
[2023-06-22T00:29:51.860] [INFO] default - [createUserNantoi] Perform dependency injection for IUserEngineRepository
[2023-06-22T00:29:51.860] [INFO] default - [createUserNantoi] Find User by email
[2023-06-22T00:29:51.865] [INFO] default - [createUserNantoi] Creatting salt and hash from password
[2023-06-22T00:29:51.866] [INFO] default - [PasswordValidator] craeting round salt
[2023-06-22T00:29:51.868] [INFO] default - [PasswordValidator] genereate hash with password and salt
[2023-06-22T00:29:51.923] [INFO] default - [createUserNantoi] Creating Nantoi User
[2023-06-22T00:30:54.201] [INFO] default - [UserController] Perform dependency injection for UserController
[2023-06-22T00:30:54.201] [INFO] default - [UserController] Perform dependency injection for UserController was successfully
[2023-06-22T00:30:54.202] [INFO] default - [GenericOperationTemplate] Begin executing Operation {"operationId":707,"userRepository":{},"tokenRepository":{},"userPossiblestatusRepository":{}}
[2023-06-22T00:30:54.205] [INFO] default - [LoginOperation] Check password for user {"enumOperationTemplate":{"enumValues":{"NEW":"Novo","ACTIVE":"Ativo","REMOVED":"Removido","SUSPENDED":"Suspenso"}},"status":{"code":"ACTIVE","description":"Ativo","listed":true},"id":"1","creationDate":"2023-06-21T23:29:51.000Z","activationDate":"2023-06-21T23:29:52.000Z","revokingDate":null,"lastPasswordUpdate":null,"fullName":"Admin Nantoi","mobileNumber":"123456789","email":"nantoi@nantoi.com","passwordHash":"$2b$10$pCwuEZNZuCAIdUIzydYWt.aVAoqP8zcDBrVAoXcgE//U88HZtfshq","passwordSalt":"$2b$10$pCwuEZNZuCAIdUIzydYWt.","passwordTry":3}
[2023-06-22T00:30:54.206] [INFO] default - [PasswordValidator] check if input passawrd is igual to saved passowrd
[2023-06-22T00:30:54.259] [INFO] default - [OperationTemplate] Begin executing operation:707
[2023-06-22T00:30:54.260] [INFO] default - [LoginOperation]  Saving token session...
[2023-06-22T00:30:54.275] [INFO] default - [OperationTemplate] End executing operation 707
[2023-06-22T00:30:54.275] [INFO] default - [GenericOperationTemplate] End executing Operation {"operationId":707,"userRepository":{},"tokenRepository":{},"userPossiblestatusRepository":{},"user":{"status":{"code":"ACTIVE","description":"Ativo","listed":true},"id":"1","creationDate":"2023-06-21T23:29:51.000Z","activationDate":"2023-06-21T23:29:52.000Z","revokingDate":null,"lastPasswordUpdate":null,"fullName":"Admin Nantoi","mobileNumber":"123456789","email":"nantoi@nantoi.com","passwordTry":3}}
[2023-06-22T00:31:25.108] [INFO] default - [AuthValidator] checking authorization token
[2023-06-22T00:31:25.108] [INFO] default - [UserController] Perform dependency injection for UserController
[2023-06-22T00:31:25.108] [INFO] default - [UserController] Perform dependency injection for UserController was successfully
[2023-06-22T00:31:25.108] [INFO] default - [GenericOperationTemplate] Begin executing Operation {"operationId":707,"tokenRepository":{}}
[2023-06-22T00:31:25.111] [INFO] default - [OperationTemplate] Begin executing operation:707
[2023-06-22T00:31:25.128] [INFO] default - [OperationTemplate] End executing operation 707
[2023-06-22T00:31:25.128] [INFO] default - [GenericOperationTemplate] End executing Operation {"operationId":707,"tokenRepository":{},"token":{"token":"7c381b1f-5d87-4ea4-be12-fd02573b955f","creationDate":"2023-06-21T23:30:54.000Z","expireDate":"2023-06-21T23:31:25.111Z","expireDateInMilliseconds":1687390285111,"user":{"enumOperationTemplate":{"enumValues":{"NEW":"Novo","ACTIVE":"Ativo","REMOVED":"Removido","SUSPENDED":"Suspenso"}},"status":{"code":"ACTIVE","description":"Ativo","listed":true},"id":"1","creationDate":"2023-06-21T23:29:51.000Z","activationDate":"2023-06-21T23:29:52.000Z","revokingDate":null,"lastPasswordUpdate":null,"fullName":"Admin Nantoi","mobileNumber":"123456789","email":"nantoi@nantoi.com","passwordHash":"$2b$10$pCwuEZNZuCAIdUIzydYWt.aVAoqP8zcDBrVAoXcgE//U88HZtfshq","passwordSalt":"$2b$10$pCwuEZNZuCAIdUIzydYWt.","passwordTry":3}}}
[2023-06-22T00:31:34.090] [INFO] default - [AuthValidator] checking authorization token
[2023-06-22T00:31:34.090] [INFO] default - [NewsController] Perform dependency injection for UserController
[2023-06-22T00:31:34.090] [INFO] default - [NewsController] Perform dependency injection for UserController was successfully
[2023-06-22T00:31:34.090] [INFO] default - [GenericOperationTemplate] Begin executing Operation {"operationId":509,"operationValidatorManager":{},"roleRepository":{}}
[2023-06-22T00:31:34.091] [INFO] default - [OperationTemplate] Begin executing operation:509
[2023-06-22T00:31:34.091] [INFO] default - [AuthenticationOperationTemplate] Perform dependency injection for ITokenEngineRepository
[2023-06-22T00:31:34.091] [INFO] default - [AuthenticationOperationTemplate] - Begin searching for valid token
[2023-06-22T00:31:34.094] [INFO] default - [AuthenticationOperationTemplate] - Valid token was founded for user nantoi@nantoi.com
[2023-06-22T00:31:34.094] [INFO] default - [AuthenticationOperationTemplate] - Check if user has initial actions
[2023-06-22T00:31:34.096] [INFO] default - Validate if user has permission to execute the operation
[2023-06-22T00:31:34.096] [INFO] default - [OperationValidatorManager] Perform dependency injection for IPermissionEngineRepository
[2023-06-22T00:31:34.097] [INFO] default - Searching permission in data base
[2023-06-22T00:31:34.099] [INFO] default - permission was founded. validate if operation is valid for user
[2023-06-22T00:31:34.101] [INFO] default - [GetAllUserOperation] creating all users
[2023-06-22T00:31:34.105] [INFO] default - [OperationTemplate] End executing operation 509
[2023-06-22T00:31:34.105] [INFO] default - [GenericOperationTemplate] End executing Operation {"operationId":509,"operationValidatorManager":{},"roleRepository":{}}
[2023-06-22T00:32:25.867] [INFO] default - [AuthValidator] checking authorization token
[2023-06-22T00:32:25.868] [INFO] default - [NewsController] Perform dependency injection for UserController
[2023-06-22T00:32:25.868] [INFO] default - [NewsController] Perform dependency injection for UserController was successfully
[2023-06-22T00:32:25.868] [INFO] default - [GenericOperationTemplate] Begin executing Operation {"operationId":509,"operationValidatorManager":{},"roleRepository":{}}
[2023-06-22T00:32:25.868] [INFO] default - [OperationTemplate] Begin executing operation:509
[2023-06-22T00:32:25.868] [INFO] default - [AuthenticationOperationTemplate] Perform dependency injection for ITokenEngineRepository
[2023-06-22T00:32:25.868] [INFO] default - [AuthenticationOperationTemplate] - Begin searching for valid token
[2023-06-22T00:32:25.869] [INFO] default - [AuthenticationOperationTemplate] - Valid token was founded for user nantoi@nantoi.com
[2023-06-22T00:32:25.869] [INFO] default - [AuthenticationOperationTemplate] - Check if user has initial actions
[2023-06-22T00:32:25.869] [INFO] default - Validate if user has permission to execute the operation
[2023-06-22T00:32:25.870] [INFO] default - [OperationValidatorManager] Perform dependency injection for IPermissionEngineRepository
[2023-06-22T00:32:25.870] [INFO] default - Searching permission in data base
[2023-06-22T00:32:25.870] [INFO] default - permission was founded. validate if operation is valid for user
[2023-06-22T00:32:25.871] [INFO] default - [GetAllUserOperation] creating all users
[2023-06-22T00:32:25.874] [INFO] default - [OperationTemplate] End executing operation 509
[2023-06-22T00:32:25.875] [INFO] default - [GenericOperationTemplate] End executing Operation {"operationId":509,"operationValidatorManager":{},"roleRepository":{}}
[2023-06-22T00:32:41.798] [INFO] default - [AuthValidator] checking authorization token
[2023-06-22T00:32:41.798] [INFO] default - [NewsController] Perform dependency injection for UserController
[2023-06-22T00:32:41.798] [INFO] default - [NewsController] Perform dependency injection for UserController was successfully
[2023-06-22T00:32:41.798] [INFO] default - [GenericOperationTemplate] Begin executing Operation {"operationId":2,"operationValidatorManager":{},"userRepository":{},"userStatusRepository":{}}
[2023-06-22T00:32:41.799] [INFO] default - [OperationTemplate] Begin executing operation:2
[2023-06-22T00:32:41.799] [INFO] default - [AuthenticationOperationTemplate] Perform dependency injection for ITokenEngineRepository
[2023-06-22T00:32:41.799] [INFO] default - [AuthenticationOperationTemplate] - Begin searching for valid token
[2023-06-22T00:32:41.801] [INFO] default - [AuthenticationOperationTemplate] - Valid token was founded for user nantoi@nantoi.com
[2023-06-22T00:32:41.801] [INFO] default - [AuthenticationOperationTemplate] - Check if user has initial actions
[2023-06-22T00:32:41.801] [INFO] default - Validate if user has permission to execute the operation
[2023-06-22T00:32:41.801] [INFO] default - [OperationValidatorManager] Perform dependency injection for IPermissionEngineRepository
[2023-06-22T00:32:41.801] [INFO] default - Searching permission in data base
[2023-06-22T00:32:41.802] [INFO] default - permission was founded. validate if operation is valid for user
[2023-06-22T00:32:41.808] [INFO] default - [OperationTemplate] End executing operation 2
[2023-06-22T00:32:41.808] [INFO] default - [GenericOperationTemplate] End executing Operation {"operationId":2,"operationValidatorManager":{},"userRepository":{},"userStatusRepository":{}}
[2023-06-22T00:37:09.259] [INFO] default - Server started on port 3000
[2023-06-22T00:37:09.260] [INFO] default - [cretePermissions] Perform dependency injection for IPermissionEngineRepository
[2023-06-22T00:37:09.261] [INFO] default - [cretePermissions] Perform dependency injection for IPermissionGroupEngineRepository
[2023-06-22T00:37:09.261] [INFO] default - [cretePermissions] Start creating all permission automatically..
[2023-06-22T00:37:09.317] [INFO] default - [cretePermissions] Find role by name
[2023-06-22T00:37:09.320] [INFO] default - [cretePermissions] Creating SESSION
[2023-06-22T00:37:09.323] [INFO] default - [cretePermissions] Creating Admin
[2023-06-22T00:37:09.324] [INFO] default - [cretePermissions] Find role by name
[2023-06-22T00:37:09.327] [INFO] default - [cretePermissions] Creating SESSION
[2023-06-22T00:37:09.328] [INFO] default - [cretePermissions] Creating Admin
[2023-06-22T00:37:09.334] [INFO] default - [cretePermissions] End creating all permission automatically...
[2023-06-22T00:37:09.334] [INFO] default - [creteRoleAdmin] Perform dependency injection for IRoleEngineRepository
[2023-06-22T00:37:09.334] [INFO] default - [creteRoleAdmin] Find role by name
[2023-06-22T00:37:09.337] [INFO] default - [creteRoleAdmin] Role was found:[object Object]
[2023-06-22T00:37:09.353] [INFO] default - [createUserNantoi] Perform dependency injection for IUserEngineRepository
[2023-06-22T00:37:09.353] [INFO] default - [createUserNantoi] Find User by email
[2023-06-22T00:39:10.994] [INFO] default - Server started on port 3000
[2023-06-22T00:39:10.995] [INFO] default - [cretePermissions] Perform dependency injection for IPermissionEngineRepository
[2023-06-22T00:39:10.995] [INFO] default - [cretePermissions] Perform dependency injection for IPermissionGroupEngineRepository
[2023-06-22T00:39:10.995] [INFO] default - [cretePermissions] Start creating all permission automatically..
[2023-06-22T00:39:11.026] [INFO] default - [cretePermissions] Find role by name
[2023-06-22T00:39:11.029] [INFO] default - [cretePermissions] Creating SESSION
[2023-06-22T00:39:11.031] [INFO] default - [cretePermissions] Creating Admin
[2023-06-22T00:39:11.032] [INFO] default - [cretePermissions] Find role by name
[2023-06-22T00:39:11.033] [INFO] default - [cretePermissions] Creating SESSION
[2023-06-22T00:39:11.034] [INFO] default - [cretePermissions] Creating Admin
[2023-06-22T00:39:11.043] [INFO] default - [cretePermissions] End creating all permission automatically...
[2023-06-22T00:39:11.044] [INFO] default - [creteRoleAdmin] Perform dependency injection for IRoleEngineRepository
[2023-06-22T00:39:11.044] [INFO] default - [creteRoleAdmin] Find role by name
[2023-06-22T00:39:11.046] [INFO] default - [creteRoleAdmin] Role was found:[object Object]
[2023-06-22T00:39:11.058] [INFO] default - [createUserNantoi] Perform dependency injection for IUserEngineRepository
[2023-06-22T00:39:11.059] [INFO] default - [createUserNantoi] Find User by email
[2023-06-22T00:40:10.453] [INFO] default - Server started on port 3000
[2023-06-22T00:40:10.455] [INFO] default - [cretePermissions] Perform dependency injection for IPermissionEngineRepository
[2023-06-22T00:40:10.455] [INFO] default - [cretePermissions] Perform dependency injection for IPermissionGroupEngineRepository
[2023-06-22T00:40:10.455] [INFO] default - [cretePermissions] Start creating all permission automatically..
[2023-06-22T00:40:10.487] [INFO] default - [cretePermissions] Find role by name
[2023-06-22T00:40:10.489] [INFO] default - [cretePermissions] Creating SESSION
[2023-06-22T00:40:10.491] [INFO] default - [cretePermissions] Creating Admin
[2023-06-22T00:40:10.493] [INFO] default - [cretePermissions] Find role by name
[2023-06-22T00:40:10.495] [INFO] default - [cretePermissions] Creating SESSION
[2023-06-22T00:40:10.496] [INFO] default - [cretePermissions] Creating Admin
[2023-06-22T00:40:10.499] [INFO] default - [cretePermissions] End creating all permission automatically...
[2023-06-22T00:40:10.499] [INFO] default - [creteRoleAdmin] Perform dependency injection for IRoleEngineRepository
[2023-06-22T00:40:10.499] [INFO] default - [creteRoleAdmin] Find role by name
[2023-06-22T00:40:10.501] [INFO] default - [creteRoleAdmin] Role was found:[object Object]
[2023-06-22T00:40:10.512] [INFO] default - [createUserNantoi] Perform dependency injection for IUserEngineRepository
[2023-06-22T00:40:10.513] [INFO] default - [createUserNantoi] Find User by email
[2023-06-22T00:42:02.447] [INFO] default - Server started on port 3000
[2023-06-22T00:42:02.448] [INFO] default - [cretePermissions] Perform dependency injection for IPermissionEngineRepository
[2023-06-22T00:42:02.448] [INFO] default - [cretePermissions] Perform dependency injection for IPermissionGroupEngineRepository
[2023-06-22T00:42:02.449] [INFO] default - [cretePermissions] Start creating all permission automatically..
[2023-06-22T00:42:02.482] [INFO] default - [cretePermissions] Find role by name
[2023-06-22T00:42:02.484] [INFO] default - [cretePermissions] Creating SESSION
[2023-06-22T00:42:02.485] [INFO] default - [cretePermissions] Creating Admin
[2023-06-22T00:42:02.486] [INFO] default - [cretePermissions] Find role by name
[2023-06-22T00:42:02.487] [INFO] default - [cretePermissions] Creating SESSION
[2023-06-22T00:42:02.487] [INFO] default - [cretePermissions] Creating Admin
[2023-06-22T00:42:02.490] [INFO] default - [cretePermissions] End creating all permission automatically...
[2023-06-22T00:42:02.491] [INFO] default - [creteRoleAdmin] Perform dependency injection for IRoleEngineRepository
[2023-06-22T00:42:02.491] [INFO] default - [creteRoleAdmin] Find role by name
[2023-06-22T00:42:02.492] [INFO] default - [creteRoleAdmin] Role was found:[object Object]
[2023-06-22T00:42:02.506] [INFO] default - [createUserNantoi] Perform dependency injection for IUserEngineRepository
[2023-06-22T00:42:02.506] [INFO] default - [createUserNantoi] Find User by email
[2023-06-22T00:42:26.959] [INFO] default - Server started on port 3000
[2023-06-22T00:42:26.961] [INFO] default - [cretePermissions] Perform dependency injection for IPermissionEngineRepository
[2023-06-22T00:42:26.962] [INFO] default - [cretePermissions] Perform dependency injection for IPermissionGroupEngineRepository
[2023-06-22T00:42:26.962] [INFO] default - [cretePermissions] Start creating all permission automatically..
[2023-06-22T00:42:27.041] [INFO] default - [cretePermissions] Find role by name
[2023-06-22T00:42:27.044] [INFO] default - [cretePermissions] Creating SESSION
[2023-06-22T00:42:27.047] [INFO] default - [cretePermissions] Creating Admin
[2023-06-22T00:42:27.048] [INFO] default - [cretePermissions] Find role by name
[2023-06-22T00:42:27.050] [INFO] default - [cretePermissions] Creating SESSION
[2023-06-22T00:42:27.051] [INFO] default - [cretePermissions] Creating Admin
[2023-06-22T00:42:27.059] [INFO] default - [cretePermissions] End creating all permission automatically...
[2023-06-22T00:42:27.060] [INFO] default - [creteRoleAdmin] Perform dependency injection for IRoleEngineRepository
[2023-06-22T00:42:27.060] [INFO] default - [creteRoleAdmin] Find role by name
[2023-06-22T00:42:27.063] [INFO] default - [creteRoleAdmin] Role was found:[object Object]
[2023-06-22T00:42:27.085] [INFO] default - [createUserNantoi] Perform dependency injection for IUserEngineRepository
[2023-06-22T00:42:27.085] [INFO] default - [createUserNantoi] Find User by email
[2023-06-22T00:42:41.597] [INFO] default - Server started on port 3000
[2023-06-22T00:42:41.598] [INFO] default - [cretePermissions] Perform dependency injection for IPermissionEngineRepository
[2023-06-22T00:42:41.599] [INFO] default - [cretePermissions] Perform dependency injection for IPermissionGroupEngineRepository
[2023-06-22T00:42:41.599] [INFO] default - [cretePermissions] Start creating all permission automatically..
[2023-06-22T00:42:41.636] [INFO] default - [cretePermissions] Find role by name
[2023-06-22T00:42:41.639] [INFO] default - [cretePermissions] Creating SESSION
[2023-06-22T00:42:41.641] [INFO] default - [cretePermissions] Creating Admin
[2023-06-22T00:42:41.643] [INFO] default - [cretePermissions] Find role by name
[2023-06-22T00:42:41.644] [INFO] default - [cretePermissions] Creating SESSION
[2023-06-22T00:42:41.644] [INFO] default - [cretePermissions] Creating Admin
[2023-06-22T00:42:41.651] [INFO] default - [cretePermissions] End creating all permission automatically...
[2023-06-22T00:42:41.652] [INFO] default - [creteRoleAdmin] Perform dependency injection for IRoleEngineRepository
[2023-06-22T00:42:41.652] [INFO] default - [creteRoleAdmin] Find role by name
[2023-06-22T00:42:41.653] [INFO] default - [creteRoleAdmin] Role was found:[object Object]
[2023-06-22T00:42:41.666] [INFO] default - [createUserNantoi] Perform dependency injection for IUserEngineRepository
[2023-06-22T00:42:41.666] [INFO] default - [createUserNantoi] Find User by email
[2023-06-22T00:44:24.807] [INFO] default - [AuthValidator] checking authorization token
[2023-06-22T00:44:24.807] [INFO] default - [NewsController] Perform dependency injection for UserController
[2023-06-22T00:44:24.807] [INFO] default - [NewsController] Perform dependency injection for UserController was successfully
[2023-06-22T00:44:24.808] [INFO] default - [GenericOperationTemplate] Begin executing Operation {"operationId":2,"operationValidatorManager":{},"userRepository":{},"userStatusRepository":{}}
[2023-06-22T00:44:24.809] [INFO] default - [OperationTemplate] Begin executing operation:2
[2023-06-22T00:44:24.809] [INFO] default - [AuthenticationOperationTemplate] Perform dependency injection for ITokenEngineRepository
[2023-06-22T00:44:24.809] [INFO] default - [AuthenticationOperationTemplate] - Begin searching for valid token
[2023-06-22T00:44:24.813] [INFO] default - [AuthenticationOperationTemplate] - Valid token was founded for user nantoi@nantoi.com
[2023-06-22T00:44:24.813] [INFO] default - [AuthenticationOperationTemplate] - Check if user has initial actions
[2023-06-22T00:44:24.813] [INFO] default - Validate if user has permission to execute the operation
[2023-06-22T00:44:24.813] [INFO] default - [OperationValidatorManager] Perform dependency injection for IPermissionEngineRepository
[2023-06-22T00:44:24.813] [INFO] default - Searching permission in data base
[2023-06-22T00:44:24.814] [INFO] default - permission was founded. validate if operation is valid for user
[2023-06-22T00:44:24.819] [INFO] default - Validate token date
[2023-06-22T00:44:24.819] [ERROR] default - [UserAuthOperationTemplate] token is expirated
[2023-06-22T00:44:24.819] [INFO] default - [OperationTemplate] End executing operation 2
[2023-06-22T00:44:24.819] [INFO] default - [GenericOperationTemplate] End executing Operation {"operationId":2,"operationValidatorManager":{},"userRepository":{},"userStatusRepository":{}}
[2023-06-22T00:44:33.447] [INFO] default - [UserController] Perform dependency injection for UserController
[2023-06-22T00:44:33.447] [INFO] default - [UserController] Perform dependency injection for UserController was successfully
[2023-06-22T00:44:33.447] [INFO] default - [GenericOperationTemplate] Begin executing Operation {"operationId":707,"userRepository":{},"tokenRepository":{},"userPossiblestatusRepository":{}}
[2023-06-22T00:44:33.451] [INFO] default - [LoginOperation] Check password for user {"enumOperationTemplate":{"enumValues":{"NEW":"Novo","ACTIVE":"Ativo","REMOVED":"Removido","SUSPENDED":"Suspenso"}},"status":{"code":"ACTIVE","description":"Ativo","listed":true},"id":"1","creationDate":"2023-06-21T23:29:51.000Z","activationDate":"2023-06-21T23:29:52.000Z","revokingDate":null,"lastPasswordUpdate":null,"fullName":"Admin Nantoi","mobileNumber":"123456789","email":"nantoi@nantoi.com","passwordHash":"$2b$10$pCwuEZNZuCAIdUIzydYWt.aVAoqP8zcDBrVAoXcgE//U88HZtfshq","passwordSalt":"$2b$10$pCwuEZNZuCAIdUIzydYWt.","passwordTry":3}
[2023-06-22T00:44:33.451] [INFO] default - [PasswordValidator] check if input passawrd is igual to saved passowrd
[2023-06-22T00:44:33.506] [INFO] default - [OperationTemplate] Begin executing operation:707
[2023-06-22T00:44:33.506] [INFO] default - [LoginOperation]  Saving token session...
[2023-06-22T00:44:33.529] [INFO] default - [OperationTemplate] End executing operation 707
[2023-06-22T00:44:33.529] [INFO] default - [GenericOperationTemplate] End executing Operation {"operationId":707,"userRepository":{},"tokenRepository":{},"userPossiblestatusRepository":{},"user":{"status":{"code":"ACTIVE","description":"Ativo","listed":true},"id":"1","creationDate":"2023-06-21T23:29:51.000Z","activationDate":"2023-06-21T23:29:52.000Z","revokingDate":null,"lastPasswordUpdate":null,"fullName":"Admin Nantoi","mobileNumber":"123456789","email":"nantoi@nantoi.com","passwordTry":3}}
[2023-06-22T00:44:49.726] [INFO] default - [AuthValidator] checking authorization token
[2023-06-22T00:44:49.726] [INFO] default - [NewsController] Perform dependency injection for UserController
[2023-06-22T00:44:49.726] [INFO] default - [NewsController] Perform dependency injection for UserController was successfully
[2023-06-22T00:44:49.726] [INFO] default - [GenericOperationTemplate] Begin executing Operation {"operationId":2,"operationValidatorManager":{},"userRepository":{},"userStatusRepository":{}}
[2023-06-22T00:44:49.727] [INFO] default - [OperationTemplate] Begin executing operation:2
[2023-06-22T00:44:49.727] [INFO] default - [AuthenticationOperationTemplate] Perform dependency injection for ITokenEngineRepository
[2023-06-22T00:44:49.727] [INFO] default - [AuthenticationOperationTemplate] - Begin searching for valid token
[2023-06-22T00:44:49.728] [INFO] default - [AuthenticationOperationTemplate] - Valid token was founded for user nantoi@nantoi.com
[2023-06-22T00:44:49.728] [INFO] default - [AuthenticationOperationTemplate] - Check if user has initial actions
[2023-06-22T00:44:49.728] [INFO] default - Validate if user has permission to execute the operation
[2023-06-22T00:44:49.728] [INFO] default - [OperationValidatorManager] Perform dependency injection for IPermissionEngineRepository
[2023-06-22T00:44:49.729] [INFO] default - Searching permission in data base
[2023-06-22T00:44:49.729] [INFO] default - permission was founded. validate if operation is valid for user
[2023-06-22T00:44:49.731] [INFO] default - Validate token date
[2023-06-22T00:44:49.735] [INFO] default - [OperationTemplate] End executing operation 2
[2023-06-22T00:44:49.735] [INFO] default - [GenericOperationTemplate] End executing Operation {"operationId":2,"operationValidatorManager":{},"userRepository":{},"userStatusRepository":{}}
[2023-06-22T00:44:52.343] [INFO] default - [AuthValidator] checking authorization token
[2023-06-22T00:44:52.343] [INFO] default - [NewsController] Perform dependency injection for UserController
[2023-06-22T00:44:52.343] [INFO] default - [NewsController] Perform dependency injection for UserController was successfully
[2023-06-22T00:44:52.343] [INFO] default - [GenericOperationTemplate] Begin executing Operation {"operationId":2,"operationValidatorManager":{},"userRepository":{},"userStatusRepository":{}}
[2023-06-22T00:44:52.344] [INFO] default - [OperationTemplate] Begin executing operation:2
[2023-06-22T00:44:52.344] [INFO] default - [AuthenticationOperationTemplate] Perform dependency injection for ITokenEngineRepository
[2023-06-22T00:44:52.344] [INFO] default - [AuthenticationOperationTemplate] - Begin searching for valid token
[2023-06-22T00:44:52.345] [INFO] default - [AuthenticationOperationTemplate] - Valid token was founded for user nantoi@nantoi.com
[2023-06-22T00:44:52.345] [INFO] default - [AuthenticationOperationTemplate] - Check if user has initial actions
[2023-06-22T00:44:52.345] [INFO] default - Validate if user has permission to execute the operation
[2023-06-22T00:44:52.345] [INFO] default - [OperationValidatorManager] Perform dependency injection for IPermissionEngineRepository
[2023-06-22T00:44:52.345] [INFO] default - Searching permission in data base
[2023-06-22T00:44:52.346] [INFO] default - permission was founded. validate if operation is valid for user
[2023-06-22T00:44:52.348] [INFO] default - Validate token date
[2023-06-22T00:44:52.351] [INFO] default - [OperationTemplate] End executing operation 2
[2023-06-22T00:44:52.351] [INFO] default - [GenericOperationTemplate] End executing Operation {"operationId":2,"operationValidatorManager":{},"userRepository":{},"userStatusRepository":{}}
[2023-06-22T00:44:59.791] [INFO] default - [AuthValidator] checking authorization token
[2023-06-22T00:44:59.791] [INFO] default - [UserController] Perform dependency injection for UserController
[2023-06-22T00:44:59.791] [INFO] default - [UserController] Perform dependency injection for UserController was successfully
[2023-06-22T00:44:59.791] [INFO] default - [GenericOperationTemplate] Begin executing Operation {"operationId":707,"tokenRepository":{}}
[2023-06-22T00:44:59.793] [INFO] default - [OperationTemplate] Begin executing operation:707
[2023-06-22T00:44:59.802] [INFO] default - [OperationTemplate] End executing operation 707
[2023-06-22T00:44:59.802] [INFO] default - [GenericOperationTemplate] End executing Operation {"operationId":707,"tokenRepository":{},"token":{"token":"191497ef-cb24-4f72-8752-bb7ce0c60de4","creationDate":"2023-06-21T23:44:33.000Z","expireDate":"2023-06-21T23:44:59.794Z","expireDateInMilliseconds":1687391099794,"user":{"enumOperationTemplate":{"enumValues":{"NEW":"Novo","ACTIVE":"Ativo","REMOVED":"Removido","SUSPENDED":"Suspenso"}},"status":{"code":"ACTIVE","description":"Ativo","listed":true},"id":"1","creationDate":"2023-06-21T23:29:51.000Z","activationDate":"2023-06-21T23:29:52.000Z","revokingDate":null,"lastPasswordUpdate":null,"fullName":"Admin Nantoi","mobileNumber":"123456789","email":"nantoi@nantoi.com","passwordHash":"$2b$10$pCwuEZNZuCAIdUIzydYWt.aVAoqP8zcDBrVAoXcgE//U88HZtfshq","passwordSalt":"$2b$10$pCwuEZNZuCAIdUIzydYWt.","passwordTry":3}}}
[2023-06-22T00:45:08.587] [INFO] default - [AuthValidator] checking authorization token
[2023-06-22T00:45:08.587] [INFO] default - [NewsController] Perform dependency injection for UserController
[2023-06-22T00:45:08.587] [INFO] default - [NewsController] Perform dependency injection for UserController was successfully
[2023-06-22T00:45:08.588] [INFO] default - [GenericOperationTemplate] Begin executing Operation {"operationId":2,"operationValidatorManager":{},"userRepository":{},"userStatusRepository":{}}
[2023-06-22T00:45:08.588] [INFO] default - [OperationTemplate] Begin executing operation:2
[2023-06-22T00:45:08.588] [INFO] default - [AuthenticationOperationTemplate] Perform dependency injection for ITokenEngineRepository
[2023-06-22T00:45:08.588] [INFO] default - [AuthenticationOperationTemplate] - Begin searching for valid token
[2023-06-22T00:45:08.589] [INFO] default - [AuthenticationOperationTemplate] - Valid token was founded for user nantoi@nantoi.com
[2023-06-22T00:45:08.589] [INFO] default - [AuthenticationOperationTemplate] - Check if user has initial actions
[2023-06-22T00:45:08.589] [INFO] default - Validate if user has permission to execute the operation
[2023-06-22T00:45:08.589] [INFO] default - [OperationValidatorManager] Perform dependency injection for IPermissionEngineRepository
[2023-06-22T00:45:08.589] [INFO] default - Searching permission in data base
[2023-06-22T00:45:08.590] [INFO] default - permission was founded. validate if operation is valid for user
[2023-06-22T00:45:08.591] [INFO] default - Validate token date
[2023-06-22T00:45:08.591] [ERROR] default - [UserAuthOperationTemplate] token is expirated
[2023-06-22T00:45:08.592] [INFO] default - [OperationTemplate] End executing operation 2
[2023-06-22T00:45:08.592] [INFO] default - [GenericOperationTemplate] End executing Operation {"operationId":2,"operationValidatorManager":{},"userRepository":{},"userStatusRepository":{}}
[2023-06-22T00:48:15.877] [INFO] default - Server started on port 3000
[2023-06-22T00:48:15.878] [INFO] default - [cretePermissions] Perform dependency injection for IPermissionEngineRepository
[2023-06-22T00:48:15.879] [INFO] default - [cretePermissions] Perform dependency injection for IPermissionGroupEngineRepository
[2023-06-22T00:48:15.879] [INFO] default - [cretePermissions] Start creating all permission automatically..
[2023-06-22T00:48:15.912] [INFO] default - [cretePermissions] Find role by name
[2023-06-22T00:48:15.914] [INFO] default - [cretePermissions] Creating SESSION
[2023-06-22T00:48:15.915] [INFO] default - [cretePermissions] Creating Admin
[2023-06-22T00:48:15.917] [INFO] default - [cretePermissions] Find role by name
[2023-06-22T00:48:15.917] [INFO] default - [cretePermissions] Creating SESSION
[2023-06-22T00:48:15.918] [INFO] default - [cretePermissions] Creating Admin
[2023-06-22T00:48:15.924] [INFO] default - [cretePermissions] End creating all permission automatically...
[2023-06-22T00:48:15.925] [INFO] default - [creteRoleAdmin] Perform dependency injection for IRoleEngineRepository
[2023-06-22T00:48:15.925] [INFO] default - [creteRoleAdmin] Find role by name
[2023-06-22T00:48:15.927] [INFO] default - [creteRoleAdmin] Role was found:[object Object]
[2023-06-22T00:48:15.939] [INFO] default - [createUserNantoi] Perform dependency injection for IUserEngineRepository
[2023-06-22T00:48:15.940] [INFO] default - [createUserNantoi] Find User by email
[2023-06-22T00:48:41.011] [INFO] default - Server started on port 3000
[2023-06-22T00:48:41.012] [INFO] default - [cretePermissions] Perform dependency injection for IPermissionEngineRepository
[2023-06-22T00:48:41.012] [INFO] default - [cretePermissions] Perform dependency injection for IPermissionGroupEngineRepository
[2023-06-22T00:48:41.013] [INFO] default - [cretePermissions] Start creating all permission automatically..
[2023-06-22T00:48:41.045] [INFO] default - [cretePermissions] Find role by name
[2023-06-22T00:48:41.049] [INFO] default - [cretePermissions] Creating SESSION
[2023-06-22T00:48:41.051] [INFO] default - [cretePermissions] Creating Admin
[2023-06-22T00:48:41.052] [INFO] default - [cretePermissions] Find role by name
[2023-06-22T00:48:41.053] [INFO] default - [cretePermissions] Creating SESSION
[2023-06-22T00:48:41.054] [INFO] default - [cretePermissions] Creating Admin
[2023-06-22T00:48:41.061] [INFO] default - [cretePermissions] End creating all permission automatically...
[2023-06-22T00:48:41.062] [INFO] default - [creteRoleAdmin] Perform dependency injection for IRoleEngineRepository
[2023-06-22T00:48:41.062] [INFO] default - [creteRoleAdmin] Find role by name
[2023-06-22T00:48:41.066] [INFO] default - [creteRoleAdmin] Role was found:[object Object]
[2023-06-22T00:48:41.080] [INFO] default - [createUserNantoi] Perform dependency injection for IUserEngineRepository
[2023-06-22T00:48:41.080] [INFO] default - [createUserNantoi] Find User by email
[2023-06-22T00:48:53.401] [INFO] default - Server started on port 3000
[2023-06-22T00:48:53.402] [INFO] default - [cretePermissions] Perform dependency injection for IPermissionEngineRepository
[2023-06-22T00:48:53.402] [INFO] default - [cretePermissions] Perform dependency injection for IPermissionGroupEngineRepository
[2023-06-22T00:48:53.403] [INFO] default - [cretePermissions] Start creating all permission automatically..
[2023-06-22T00:48:53.429] [INFO] default - [cretePermissions] Find role by name
[2023-06-22T00:48:53.431] [INFO] default - [cretePermissions] Creating SESSION
[2023-06-22T00:48:53.432] [INFO] default - [cretePermissions] Creating Admin
[2023-06-22T00:48:53.433] [INFO] default - [cretePermissions] Find role by name
[2023-06-22T00:48:53.433] [INFO] default - [cretePermissions] Creating SESSION
[2023-06-22T00:48:53.439] [INFO] default - [cretePermissions] Creating Admin
[2023-06-22T00:48:53.444] [INFO] default - [cretePermissions] End creating all permission automatically...
[2023-06-22T00:48:53.445] [INFO] default - [creteRoleAdmin] Perform dependency injection for IRoleEngineRepository
[2023-06-22T00:48:53.445] [INFO] default - [creteRoleAdmin] Find role by name
[2023-06-22T00:48:53.446] [INFO] default - [creteRoleAdmin] Role was found:[object Object]
[2023-06-22T00:48:53.460] [INFO] default - [createUserNantoi] Perform dependency injection for IUserEngineRepository
[2023-06-22T00:48:53.460] [INFO] default - [createUserNantoi] Find User by email
[2023-06-22T00:49:35.946] [INFO] default - Server started on port 3000
[2023-06-22T00:49:35.947] [INFO] default - [cretePermissions] Perform dependency injection for IPermissionEngineRepository
[2023-06-22T00:49:35.948] [INFO] default - [cretePermissions] Perform dependency injection for IPermissionGroupEngineRepository
[2023-06-22T00:49:35.948] [INFO] default - [cretePermissions] Start creating all permission automatically..
[2023-06-22T00:49:35.988] [INFO] default - [cretePermissions] Find role by name
[2023-06-22T00:49:35.989] [INFO] default - [cretePermissions] Creating SESSION
[2023-06-22T00:49:35.991] [INFO] default - [cretePermissions] Creating Admin
[2023-06-22T00:49:35.991] [INFO] default - [cretePermissions] Find role by name
[2023-06-22T00:49:35.992] [INFO] default - [cretePermissions] Creating SESSION
[2023-06-22T00:49:35.992] [INFO] default - [cretePermissions] Creating Admin
[2023-06-22T00:49:35.996] [INFO] default - [cretePermissions] End creating all permission automatically...
[2023-06-22T00:49:35.996] [INFO] default - [creteRoleAdmin] Perform dependency injection for IRoleEngineRepository
[2023-06-22T00:49:35.996] [INFO] default - [creteRoleAdmin] Find role by name
[2023-06-22T00:49:35.998] [INFO] default - [creteRoleAdmin] Role was found:[object Object]
[2023-06-22T00:49:36.013] [INFO] default - [createUserNantoi] Perform dependency injection for IUserEngineRepository
[2023-06-22T00:49:36.013] [INFO] default - [createUserNantoi] Find User by email
[2023-06-22T01:04:00.754] [INFO] default - Server started on port 3000
[2023-06-22T01:04:00.756] [INFO] default - [cretePermissions] Perform dependency injection for IPermissionEngineRepository
[2023-06-22T01:04:00.756] [INFO] default - [cretePermissions] Perform dependency injection for IPermissionGroupEngineRepository
[2023-06-22T01:04:00.757] [INFO] default - [cretePermissions] Start creating all permission automatically..
[2023-06-22T01:04:00.805] [INFO] default - [cretePermissions] Find role by name
[2023-06-22T01:04:00.807] [INFO] default - [cretePermissions] Creating SESSION
[2023-06-22T01:04:00.809] [INFO] default - [cretePermissions] Creating Admin
[2023-06-22T01:04:00.811] [INFO] default - [cretePermissions] Find role by name
[2023-06-22T01:04:00.812] [INFO] default - [cretePermissions] Creating SESSION
[2023-06-22T01:04:00.813] [INFO] default - [cretePermissions] Creating Admin
[2023-06-22T01:04:00.816] [INFO] default - [cretePermissions] End creating all permission automatically...
[2023-06-22T01:04:00.816] [INFO] default - [creteRoleAdmin] Perform dependency injection for IRoleEngineRepository
[2023-06-22T01:04:00.816] [INFO] default - [creteRoleAdmin] Find role by name
[2023-06-22T01:04:00.818] [INFO] default - [creteRoleAdmin] Role was found:[object Object]
[2023-06-22T01:04:00.832] [INFO] default - [createUserNantoi] Perform dependency injection for IUserEngineRepository
[2023-06-22T01:04:00.832] [INFO] default - [createUserNantoi] Find User by email
[2023-06-22T01:20:29.603] [INFO] default - Server started on port 3000
[2023-06-22T01:20:29.605] [INFO] default - [cretePermissions] Perform dependency injection for IPermissionEngineRepository
[2023-06-22T01:20:29.605] [INFO] default - [cretePermissions] Perform dependency injection for IPermissionGroupEngineRepository
[2023-06-22T01:20:29.605] [INFO] default - [cretePermissions] Start creating all permission automatically..
[2023-06-22T01:20:29.649] [INFO] default - [cretePermissions] Find role by name
[2023-06-22T01:20:29.651] [INFO] default - [cretePermissions] Creating SESSION
[2023-06-22T01:20:29.652] [INFO] default - [cretePermissions] Creating Admin
[2023-06-22T01:20:29.653] [INFO] default - [cretePermissions] Find role by name
[2023-06-22T01:20:29.654] [INFO] default - [cretePermissions] Creating SESSION
[2023-06-22T01:20:29.655] [INFO] default - [cretePermissions] Creating Admin
[2023-06-22T01:20:29.661] [INFO] default - [cretePermissions] End creating all permission automatically...
[2023-06-22T01:20:29.661] [INFO] default - [creteRoleAdmin] Perform dependency injection for IRoleEngineRepository
[2023-06-22T01:20:29.661] [INFO] default - [creteRoleAdmin] Find role by name
[2023-06-22T01:20:29.663] [INFO] default - [creteRoleAdmin] Role was found:[object Object]
[2023-06-22T01:20:29.674] [INFO] default - [createUserNantoi] Perform dependency injection for IUserEngineRepository
[2023-06-22T01:20:29.674] [INFO] default - [createUserNantoi] Find User by email
[2023-06-22T01:21:26.955] [INFO] default - Server started on port 3000
[2023-06-22T01:21:26.957] [INFO] default - [cretePermissions] Perform dependency injection for IPermissionEngineRepository
[2023-06-22T01:21:26.957] [INFO] default - [cretePermissions] Perform dependency injection for IPermissionGroupEngineRepository
[2023-06-22T01:21:26.957] [INFO] default - [cretePermissions] Start creating all permission automatically..
[2023-06-22T01:21:27.011] [INFO] default - [cretePermissions] Find role by name
[2023-06-22T01:21:27.013] [INFO] default - [cretePermissions] Creating SESSION
[2023-06-22T01:21:27.014] [INFO] default - [cretePermissions] Creating Admin
[2023-06-22T01:21:27.017] [INFO] default - [cretePermissions] Find role by name
[2023-06-22T01:21:27.018] [INFO] default - [cretePermissions] Creating SESSION
[2023-06-22T01:21:27.019] [INFO] default - [cretePermissions] Creating Admin
[2023-06-22T01:21:27.026] [INFO] default - [cretePermissions] End creating all permission automatically...
[2023-06-22T01:21:27.027] [INFO] default - [creteRoleAdmin] Perform dependency injection for IRoleEngineRepository
[2023-06-22T01:21:27.027] [INFO] default - [creteRoleAdmin] Find role by name
[2023-06-22T01:21:27.030] [INFO] default - [creteRoleAdmin] Role was found:[object Object]
[2023-06-22T01:21:27.047] [INFO] default - [createUserNantoi] Perform dependency injection for IUserEngineRepository
[2023-06-22T01:21:27.047] [INFO] default - [createUserNantoi] Find User by email
[2023-06-22T01:21:50.691] [INFO] default - Server started on port 3000
[2023-06-22T01:21:50.693] [INFO] default - [cretePermissions] Perform dependency injection for IPermissionEngineRepository
[2023-06-22T01:21:50.693] [INFO] default - [cretePermissions] Perform dependency injection for IPermissionGroupEngineRepository
[2023-06-22T01:21:50.693] [INFO] default - [cretePermissions] Start creating all permission automatically..
[2023-06-22T01:21:50.728] [INFO] default - [cretePermissions] Find role by name
[2023-06-22T01:21:50.732] [INFO] default - [cretePermissions] Creating SESSION
[2023-06-22T01:21:50.734] [INFO] default - [cretePermissions] Creating Admin
[2023-06-22T01:21:50.736] [INFO] default - [cretePermissions] Find role by name
[2023-06-22T01:21:50.737] [INFO] default - [cretePermissions] Creating SESSION
[2023-06-22T01:21:50.737] [INFO] default - [cretePermissions] Creating Admin
[2023-06-22T01:21:50.742] [INFO] default - [cretePermissions] End creating all permission automatically...
[2023-06-22T01:21:50.742] [INFO] default - [creteRoleAdmin] Perform dependency injection for IRoleEngineRepository
[2023-06-22T01:21:50.742] [INFO] default - [creteRoleAdmin] Find role by name
[2023-06-22T01:21:50.745] [INFO] default - [creteRoleAdmin] Role was found:[object Object]
[2023-06-22T01:21:50.756] [INFO] default - [createUserNantoi] Perform dependency injection for IUserEngineRepository
[2023-06-22T01:21:50.756] [INFO] default - [createUserNantoi] Find User by email
[2023-06-22T01:22:23.942] [INFO] default - Server started on port 3000
[2023-06-22T01:22:23.943] [INFO] default - [cretePermissions] Perform dependency injection for IPermissionEngineRepository
[2023-06-22T01:22:23.944] [INFO] default - [cretePermissions] Perform dependency injection for IPermissionGroupEngineRepository
[2023-06-22T01:22:23.944] [INFO] default - [cretePermissions] Start creating all permission automatically..
[2023-06-22T01:22:23.991] [INFO] default - [cretePermissions] Find role by name
[2023-06-22T01:22:23.993] [INFO] default - [cretePermissions] Creating SESSION
[2023-06-22T01:22:23.994] [INFO] default - [cretePermissions] Creating Admin
[2023-06-22T01:22:23.995] [INFO] default - [cretePermissions] Find role by name
[2023-06-22T01:22:23.996] [INFO] default - [cretePermissions] Creating SESSION
[2023-06-22T01:22:23.997] [INFO] default - [cretePermissions] Creating Admin
[2023-06-22T01:22:24.004] [INFO] default - [cretePermissions] End creating all permission automatically...
[2023-06-22T01:22:24.004] [INFO] default - [creteRoleAdmin] Perform dependency injection for IRoleEngineRepository
[2023-06-22T01:22:24.004] [INFO] default - [creteRoleAdmin] Find role by name
[2023-06-22T01:22:24.006] [INFO] default - [creteRoleAdmin] Role was found:[object Object]
[2023-06-22T01:22:24.020] [INFO] default - [createUserNantoi] Perform dependency injection for IUserEngineRepository
[2023-06-22T01:22:24.020] [INFO] default - [createUserNantoi] Find User by email
[2023-06-22T01:22:36.037] [INFO] default - Server started on port 3000
[2023-06-22T01:22:36.038] [INFO] default - [cretePermissions] Perform dependency injection for IPermissionEngineRepository
[2023-06-22T01:22:36.039] [INFO] default - [cretePermissions] Perform dependency injection for IPermissionGroupEngineRepository
[2023-06-22T01:22:36.039] [INFO] default - [cretePermissions] Start creating all permission automatically..
[2023-06-22T01:22:36.077] [INFO] default - [cretePermissions] Find role by name
[2023-06-22T01:22:36.078] [INFO] default - [cretePermissions] Creating SESSION
[2023-06-22T01:22:36.079] [INFO] default - [cretePermissions] Creating Admin
[2023-06-22T01:22:36.080] [INFO] default - [cretePermissions] Find role by name
[2023-06-22T01:22:36.081] [INFO] default - [cretePermissions] Creating SESSION
[2023-06-22T01:22:36.081] [INFO] default - [cretePermissions] Creating Admin
[2023-06-22T01:22:36.084] [INFO] default - [cretePermissions] End creating all permission automatically...
[2023-06-22T01:22:36.084] [INFO] default - [creteRoleAdmin] Perform dependency injection for IRoleEngineRepository
[2023-06-22T01:22:36.084] [INFO] default - [creteRoleAdmin] Find role by name
[2023-06-22T01:22:36.086] [INFO] default - [creteRoleAdmin] Role was found:[object Object]
[2023-06-22T01:22:36.099] [INFO] default - [createUserNantoi] Perform dependency injection for IUserEngineRepository
[2023-06-22T01:22:36.099] [INFO] default - [createUserNantoi] Find User by email
