[2023-06-18T00:39:59.802] [INFO] default - Server started on port 3000
[2023-06-18T00:39:59.803] [INFO] default - [cretePermissions] Perform dependency injection for IPermissionEngineRepository
[2023-06-18T00:39:59.804] [INFO] default - [cretePermissions] Perform dependency injection for IPermissionGroupEngineRepository
[2023-06-18T00:39:59.804] [INFO] default - [cretePermissions] Start creating all permission automatically..
[2023-06-18T00:39:59.832] [INFO] default - [cretePermissions] Find role by name
[2023-06-18T00:39:59.833] [INFO] default - [cretePermissions] Creating SESSION
[2023-06-18T00:39:59.834] [INFO] default - [cretePermissions] Creating Admin
[2023-06-18T00:39:59.835] [INFO] default - [cretePermissions] Find role by name
[2023-06-18T00:39:59.836] [INFO] default - [cretePermissions] Creating SESSION
[2023-06-18T00:39:59.836] [INFO] default - [cretePermissions] Creating Admin
[2023-06-18T00:39:59.836] [INFO] default - [cretePermissions] End creating all permission automatically..
[2023-06-18T00:39:59.837] [INFO] default - [creteRoleAdmin] Perform dependency injection for IRoleEngineRepository
[2023-06-18T00:39:59.837] [INFO] default - [creteRoleAdmin] Find role by name
[2023-06-18T00:39:59.840] [INFO] default - [creteRoleAdmin] Role was found:[object Object]
[2023-06-18T00:39:59.849] [INFO] default - [createUserNantoi] Perform dependency injection for IUserEngineRepository
[2023-06-18T00:39:59.849] [INFO] default - [createUserNantoi] Find User by email
[2023-06-18T00:41:29.615] [INFO] default - [LovsController] Perform dependency injection for ISchedulingTimeEngine
[2023-06-18T00:41:29.615] [ERROR] default - [LovsController] Error while getting time slot list Error: Attempted to resolve unregistered dependency token: "schedulingCategoryEngineRepository"
    at InternalDependencyContainer.resolve (C:\Git\cgrgba-api\node_modules\tsyringe\dist\cjs\dependency-container.js:105:19)
    at new GetServicesByCategoryOperation (C:\Git\cgrgba-api\src\domain\operation\lovs\GetServicesByCategoryOperation.ts:26:61)
    at LovsEngineImpl.get_service_by_categry (C:\Git\cgrgba-api\src\domain\service\impl\LovsEngineImpl.ts:13:38)
    at C:\Git\cgrgba-api\src\application\controller\lovs\LovsController.ts:34:55
    at step (C:\Git\cgrgba-api\src\application\controller\lovs\LovsController.ts:33:23)
    at Object.next (C:\Git\cgrgba-api\src\application\controller\lovs\LovsController.ts:14:53)
    at C:\Git\cgrgba-api\src\application\controller\lovs\LovsController.ts:8:71
    at new Promise (<anonymous>)
    at __awaiter (C:\Git\cgrgba-api\src\application\controller\lovs\LovsController.ts:4:12)
    at LovsController.get_service_by_category (C:\Git\cgrgba-api\src\application\controller\lovs\LovsController.ts:60:16)
[2023-06-18T00:42:12.365] [INFO] default - Server started on port 3000
[2023-06-18T00:42:12.366] [INFO] default - [cretePermissions] Perform dependency injection for IPermissionEngineRepository
[2023-06-18T00:42:12.366] [INFO] default - [cretePermissions] Perform dependency injection for IPermissionGroupEngineRepository
[2023-06-18T00:42:12.366] [INFO] default - [cretePermissions] Start creating all permission automatically..
[2023-06-18T00:42:12.395] [INFO] default - [cretePermissions] Find role by name
[2023-06-18T00:42:12.396] [INFO] default - [cretePermissions] Creating SESSION
[2023-06-18T00:42:12.397] [INFO] default - [cretePermissions] Creating Admin
[2023-06-18T00:42:12.398] [INFO] default - [cretePermissions] Find role by name
[2023-06-18T00:42:12.398] [INFO] default - [cretePermissions] Creating SESSION
[2023-06-18T00:42:12.399] [INFO] default - [cretePermissions] Creating Admin
[2023-06-18T00:42:12.399] [INFO] default - [cretePermissions] End creating all permission automatically..
[2023-06-18T00:42:12.399] [INFO] default - [creteRoleAdmin] Perform dependency injection for IRoleEngineRepository
[2023-06-18T00:42:12.399] [INFO] default - [creteRoleAdmin] Find role by name
[2023-06-18T00:42:12.401] [INFO] default - [creteRoleAdmin] Role was found:[object Object]
[2023-06-18T00:42:12.409] [INFO] default - [createUserNantoi] Perform dependency injection for IUserEngineRepository
[2023-06-18T00:42:12.409] [INFO] default - [createUserNantoi] Find User by email
[2023-06-18T00:42:18.558] [INFO] default - Server started on port 3000
[2023-06-18T00:42:18.559] [INFO] default - [cretePermissions] Perform dependency injection for IPermissionEngineRepository
[2023-06-18T00:42:18.560] [INFO] default - [cretePermissions] Perform dependency injection for IPermissionGroupEngineRepository
[2023-06-18T00:42:18.560] [INFO] default - [cretePermissions] Start creating all permission automatically..
[2023-06-18T00:42:18.584] [INFO] default - [cretePermissions] Find role by name
[2023-06-18T00:42:18.585] [INFO] default - [cretePermissions] Creating SESSION
[2023-06-18T00:42:18.586] [INFO] default - [cretePermissions] Creating Admin
[2023-06-18T00:42:18.588] [INFO] default - [cretePermissions] Find role by name
[2023-06-18T00:42:18.589] [INFO] default - [cretePermissions] Creating SESSION
[2023-06-18T00:42:18.589] [INFO] default - [cretePermissions] Creating Admin
[2023-06-18T00:42:18.589] [INFO] default - [cretePermissions] End creating all permission automatically..
[2023-06-18T00:42:18.590] [INFO] default - [creteRoleAdmin] Perform dependency injection for IRoleEngineRepository
[2023-06-18T00:42:18.590] [INFO] default - [creteRoleAdmin] Find role by name
[2023-06-18T00:42:18.591] [INFO] default - [creteRoleAdmin] Role was found:[object Object]
[2023-06-18T00:42:18.598] [INFO] default - [createUserNantoi] Perform dependency injection for IUserEngineRepository
[2023-06-18T00:42:18.598] [INFO] default - [createUserNantoi] Find User by email
[2023-06-18T00:42:24.777] [INFO] default - [LovsController] Perform dependency injection for ISchedulingTimeEngine
[2023-06-18T00:42:24.778] [INFO] default - [GenericOperationTemplate] Begin executing Operation {"operationId":206,"categoryEntity":[],"schedulingCategoryEngineRepository":{}}
[2023-06-18T00:42:24.784] [INFO] default - [OperationTemplate] End executing operation 206
[2023-06-18T00:42:24.784] [INFO] default - [GenericOperationTemplate] End executing Operation {"operationId":206,"categoryEntity":[],"schedulingCategoryEngineRepository":{}}
[2023-06-18T00:43:15.567] [INFO] default - [LovsController] Perform dependency injection for ISchedulingTimeEngine
[2023-06-18T00:43:15.567] [INFO] default - [GenericOperationTemplate] Begin executing Operation {"operationId":206,"categoryEntity":[],"schedulingCategoryEngineRepository":{}}
[2023-06-18T00:43:15.571] [INFO] default - [OperationTemplate] Begin executing operation:206
[2023-06-18T00:43:15.571] [INFO] default - [OperationTemplate] End executing operation 206
[2023-06-18T00:43:15.571] [INFO] default - [GenericOperationTemplate] End executing Operation {"operationId":206,"categoryEntity":[{"code":"PASSPORT","description":"Passaporte","services":[{"code":"CONSULAR_SERVICE","name":"Documento"}]}],"schedulingCategoryEngineRepository":{},"services":[{"code":"CONSULAR_SERVICE","name":"Documento"}]}
[2023-06-18T00:43:19.133] [INFO] default - [LovsController] Perform dependency injection for ISchedulingTimeEngine
[2023-06-18T00:43:19.133] [INFO] default - [GenericOperationTemplate] Begin executing Operation {"operationId":206,"categoryEntity":[],"schedulingCategoryEngineRepository":{}}
[2023-06-18T00:43:19.135] [INFO] default - [OperationTemplate] Begin executing operation:206
[2023-06-18T00:43:19.135] [INFO] default - [OperationTemplate] End executing operation 206
[2023-06-18T00:43:19.135] [INFO] default - [GenericOperationTemplate] End executing Operation {"operationId":206,"categoryEntity":[{"code":"PASSPORT","description":"Passaporte","services":[{"code":"CONSULAR_SERVICE","name":"Documento"}]}],"schedulingCategoryEngineRepository":{},"services":[{"code":"CONSULAR_SERVICE","name":"Documento"}]}
[2023-06-18T00:43:56.600] [INFO] default - [UserController] Perform dependency injection for UserController
[2023-06-18T00:43:56.600] [INFO] default - [UserController] Perform dependency injection for UserController was successfully
[2023-06-18T00:43:56.601] [INFO] default - [GenericOperationTemplate] Begin executing Operation {"operationId":707,"userRepository":{},"tokenRepository":{},"userPossiblestatusRepository":{}}
[2023-06-18T00:43:56.603] [INFO] default - [LoginOperation] check password for user User {
  enumOperationTemplate: [EnumOperationTemplate],
  status: [UserStatus],
  id: '1',
  creationDate: 2023-06-09T18:58:47.000Z,
  activationDate: 2023-06-09T18:58:47.000Z,
  revokingDate: null,
  lastPasswordUpdate: null,
  fullName: 'Admin Nantoi',
  mobileNumber: '123456789',
  email: 'nantoi@nantoi.com',
  passwordHash: '$2b$10$huLlVYdhrPED2pVKaVV9MOQGM0UPuGH/oWulE6tA5IVYK0/asT1OC',
  passwordSalt: '$2b$10$huLlVYdhrPED2pVKaVV9MO',
  passwordTry: 3
}
[2023-06-18T00:43:56.604] [INFO] default - [PasswordValidator] check if input passawrd is igual to saved passowrd
[2023-06-18T00:43:56.669] [INFO] default - [OperationTemplate] Begin executing operation:707
[2023-06-18T00:43:56.670] [INFO] default - [LoginOperation]  Saving token session...
[2023-06-18T00:43:56.702] [INFO] default - [OperationTemplate] End executing operation 707
[2023-06-18T00:43:56.702] [INFO] default - [GenericOperationTemplate] End executing Operation {"operationId":707,"userRepository":{},"tokenRepository":{},"userPossiblestatusRepository":{},"user":{"status":{"code":"ACTIVE","description":"Ativo","listed":true},"id":"1","creationDate":"2023-06-09T18:58:47.000Z","activationDate":"2023-06-09T18:58:47.000Z","revokingDate":null,"lastPasswordUpdate":null,"fullName":"Admin Nantoi","mobileNumber":"123456789","email":"nantoi@nantoi.com","passwordTry":3}}
[2023-06-18T00:44:10.387] [INFO] default - [AuthValidator] checking authorization token
[2023-06-18T00:44:10.387] [INFO] default - [LovsController] Perform dependency injection for ISchedulingTimeEngine
[2023-06-18T00:44:10.387] [INFO] default - [GenericOperationTemplate] Begin executing Operation {"operationId":510,"operationValidatorManager":{},"roleEngineRepository":{}}
[2023-06-18T00:44:10.387] [INFO] default - [OperationTemplate] Begin executing operation:510
[2023-06-18T00:44:10.388] [INFO] default - [AuthenticationOperationTemplate] Perform dependency injection for ITokenEngineRepository
[2023-06-18T00:44:10.388] [INFO] default - [AuthenticationOperationTemplate] - Begin searching for valid token
[2023-06-18T00:44:10.390] [INFO] default - [AuthenticationOperationTemplate] - Valid token was founded for user nantoi@nantoi.com
[2023-06-18T00:44:10.390] [INFO] default - [AuthenticationOperationTemplate] - Check if user has initial actions
[2023-06-18T00:44:10.390] [INFO] default - Validate if user has permission to execute the operation
[2023-06-18T00:44:10.390] [INFO] default - [OperationValidatorManager] Perform dependency injection for IPermissionEngineRepository
[2023-06-18T00:44:10.391] [INFO] default - Searching permission in data base
[2023-06-18T00:44:10.392] [INFO] default - permission was founded. validate if operation is valid for user
[2023-06-18T00:44:10.410] [INFO] default - [OperationTemplate] End executing operation 510
[2023-06-18T00:44:10.410] [INFO] default - [GenericOperationTemplate] End executing Operation {"operationId":510,"operationValidatorManager":{},"roleEngineRepository":{}}
[2023-06-18T00:44:58.656] [INFO] default - [AuthValidator] checking authorization token
[2023-06-18T00:44:58.656] [INFO] default - [LovsController] Perform dependency injection for ISchedulingTimeEngine
[2023-06-18T00:44:58.656] [INFO] default - [GenericOperationTemplate] Begin executing Operation {"operationId":510,"operationValidatorManager":{},"roleEngineRepository":{}}
[2023-06-18T00:44:58.656] [INFO] default - [OperationTemplate] Begin executing operation:510
[2023-06-18T00:44:58.656] [INFO] default - [AuthenticationOperationTemplate] Perform dependency injection for ITokenEngineRepository
[2023-06-18T00:44:58.656] [INFO] default - [AuthenticationOperationTemplate] - Begin searching for valid token
[2023-06-18T00:44:58.658] [INFO] default - [AuthenticationOperationTemplate] - Valid token was founded for user nantoi@nantoi.com
[2023-06-18T00:44:58.658] [INFO] default - [AuthenticationOperationTemplate] - Check if user has initial actions
[2023-06-18T00:44:58.658] [INFO] default - Validate if user has permission to execute the operation
[2023-06-18T00:44:58.658] [INFO] default - [OperationValidatorManager] Perform dependency injection for IPermissionEngineRepository
[2023-06-18T00:44:58.658] [INFO] default - Searching permission in data base
[2023-06-18T00:44:58.660] [INFO] default - permission was founded. validate if operation is valid for user
[2023-06-18T00:44:58.663] [INFO] default - [OperationTemplate] End executing operation 510
[2023-06-18T00:44:58.663] [INFO] default - [GenericOperationTemplate] End executing Operation {"operationId":510,"operationValidatorManager":{},"roleEngineRepository":{}}
