[2023-06-14T18:41:32.028] [INFO] default - Server started on port 3000
[2023-06-14T18:41:32.029] [INFO] default - [cretePermissions] Perform dependency injection for IPermissionEngineRepository
[2023-06-14T18:41:32.029] [INFO] default - [cretePermissions] Perform dependency injection for IPermissionGroupEngineRepository
[2023-06-14T18:41:32.029] [INFO] default - [cretePermissions] Start creating all permission automatically..
[2023-06-14T18:41:32.057] [INFO] default - [cretePermissions] Find role by name
[2023-06-14T18:41:32.061] [INFO] default - [cretePermissions] Creating Admin
[2023-06-14T18:41:32.083] [INFO] default - [cretePermissions] Find role by name
[2023-06-14T18:41:32.084] [INFO] default - [cretePermissions] Creating SESSION
[2023-06-14T18:41:32.085] [INFO] default - [cretePermissions] Creating Admin
[2023-06-14T18:41:32.085] [INFO] default - [cretePermissions] Find role by name
[2023-06-14T18:41:32.086] [INFO] default - [cretePermissions] Creating SESSION
[2023-06-14T18:41:32.086] [INFO] default - [cretePermissions] Creating Admin
[2023-06-14T18:41:32.086] [INFO] default - [cretePermissions] End creating all permission automatically..
[2023-06-14T18:41:32.086] [INFO] default - [creteRoleAdmin] Perform dependency injection for IRoleEngineRepository
[2023-06-14T18:41:32.086] [INFO] default - [creteRoleAdmin] Find role by name
[2023-06-14T18:41:32.091] [INFO] default - [creteRoleAdmin] Role was found:[object Object]
[2023-06-14T18:41:32.100] [INFO] default - [createUserNantoi] Perform dependency injection for IUserEngineRepository
[2023-06-14T18:41:32.101] [INFO] default - [createUserNantoi] Find User by email
[2023-06-14T18:41:37.086] [INFO] default - [UserController] Perform dependency injection for UserController
[2023-06-14T18:41:37.086] [INFO] default - [UserController] Perform dependency injection for UserController was successfully
[2023-06-14T18:41:37.086] [INFO] default - [GenericOperationTemplate] Begin executing Operation {"operationId":707,"userRepository":{},"tokenRepository":{},"userPossiblestatusRepository":{}}
[2023-06-14T18:41:37.089] [INFO] default - [LoginOperation] check password for user User {
  enumOperationTemplate: [EnumOperationTemplate],
  status: [UserStatus],
  id: '1',
  creationDate: 2023-06-09T18:58:47.000Z,
  activationDate: 2023-06-09T18:58:47.000Z,
  revokingDate: null,
  lastPasswordUpdate: null,
  fullName: 'Admin Nantoi',
  mobileNumber: '123456789',
  email: 'nantoi@nantoi.com',
  passwordHash: '$2b$10$huLlVYdhrPED2pVKaVV9MOQGM0UPuGH/oWulE6tA5IVYK0/asT1OC',
  passwordSalt: '$2b$10$huLlVYdhrPED2pVKaVV9MO',
  passwordTry: 3
}
[2023-06-14T18:41:37.089] [INFO] default - [PasswordValidator] check if input passawrd is igual to saved passowrd
[2023-06-14T18:41:37.148] [INFO] default - [OperationTemplate] Begin executing operation:707
[2023-06-14T18:41:37.149] [INFO] default - [LoginOperation]  Saving token session...
[2023-06-14T18:41:37.160] [INFO] default - [OperationTemplate] End executing operation 707
[2023-06-14T18:41:37.160] [INFO] default - [GenericOperationTemplate] End executing Operation {"operationId":707,"userRepository":{},"tokenRepository":{},"userPossiblestatusRepository":{},"user":{"status":{"code":"ACTIVE","description":"Ativo","listed":true},"id":"1","creationDate":"2023-06-09T18:58:47.000Z","activationDate":"2023-06-09T18:58:47.000Z","revokingDate":null,"lastPasswordUpdate":null,"fullName":"Admin Nantoi","mobileNumber":"123456789","email":"nantoi@nantoi.com","passwordTry":3}}
[2023-06-14T18:45:50.932] [INFO] default - Server started on port 3000
[2023-06-14T18:45:50.933] [INFO] default - [cretePermissions] Perform dependency injection for IPermissionEngineRepository
[2023-06-14T18:45:50.933] [INFO] default - [cretePermissions] Perform dependency injection for IPermissionGroupEngineRepository
[2023-06-14T18:45:50.933] [INFO] default - [cretePermissions] Start creating all permission automatically..
[2023-06-14T18:45:50.958] [INFO] default - [cretePermissions] Find role by name
[2023-06-14T18:45:50.960] [INFO] default - [cretePermissions] Creating SESSION
[2023-06-14T18:45:50.961] [INFO] default - [cretePermissions] Creating Admin
[2023-06-14T18:45:50.961] [INFO] default - [cretePermissions] Find role by name
[2023-06-14T18:45:50.962] [INFO] default - [cretePermissions] Creating SESSION
[2023-06-14T18:45:50.963] [INFO] default - [cretePermissions] Creating Admin
[2023-06-14T18:45:50.963] [INFO] default - [cretePermissions] End creating all permission automatically..
[2023-06-14T18:45:50.963] [INFO] default - [creteRoleAdmin] Perform dependency injection for IRoleEngineRepository
[2023-06-14T18:45:50.963] [INFO] default - [creteRoleAdmin] Find role by name
[2023-06-14T18:45:50.964] [INFO] default - [creteRoleAdmin] Role was found:[object Object]
[2023-06-14T18:45:50.974] [INFO] default - [createUserNantoi] Perform dependency injection for IUserEngineRepository
[2023-06-14T18:45:50.974] [INFO] default - [createUserNantoi] Find User by email
[2023-06-14T18:46:49.112] [INFO] default - Server started on port 3000
[2023-06-14T18:46:49.114] [INFO] default - [cretePermissions] Perform dependency injection for IPermissionEngineRepository
[2023-06-14T18:46:49.114] [INFO] default - [cretePermissions] Perform dependency injection for IPermissionGroupEngineRepository
[2023-06-14T18:46:49.114] [INFO] default - [cretePermissions] Start creating all permission automatically..
[2023-06-14T18:46:49.152] [INFO] default - [cretePermissions] Find role by name
[2023-06-14T18:46:49.154] [INFO] default - [cretePermissions] Creating SESSION
[2023-06-14T18:46:49.156] [INFO] default - [cretePermissions] Creating Admin
[2023-06-14T18:46:49.157] [INFO] default - [cretePermissions] Find role by name
[2023-06-14T18:46:49.159] [INFO] default - [cretePermissions] Creating SESSION
[2023-06-14T18:46:49.160] [INFO] default - [cretePermissions] Creating Admin
[2023-06-14T18:46:49.160] [INFO] default - [cretePermissions] End creating all permission automatically..
[2023-06-14T18:46:49.160] [INFO] default - [creteRoleAdmin] Perform dependency injection for IRoleEngineRepository
[2023-06-14T18:46:49.161] [INFO] default - [creteRoleAdmin] Find role by name
[2023-06-14T18:46:49.163] [INFO] default - [creteRoleAdmin] Role was found:[object Object]
[2023-06-14T18:46:49.175] [INFO] default - [createUserNantoi] Perform dependency injection for IUserEngineRepository
[2023-06-14T18:46:49.175] [INFO] default - [createUserNantoi] Find User by email
[2023-06-14T18:47:09.939] [INFO] default - Server started on port 3000
[2023-06-14T18:47:09.940] [INFO] default - [cretePermissions] Perform dependency injection for IPermissionEngineRepository
[2023-06-14T18:47:09.940] [INFO] default - [cretePermissions] Perform dependency injection for IPermissionGroupEngineRepository
[2023-06-14T18:47:09.940] [INFO] default - [cretePermissions] Start creating all permission automatically..
[2023-06-14T18:47:09.969] [INFO] default - [cretePermissions] Find role by name
[2023-06-14T18:47:09.971] [INFO] default - [cretePermissions] Creating SESSION
[2023-06-14T18:47:09.972] [INFO] default - [cretePermissions] Creating Admin
[2023-06-14T18:47:09.973] [INFO] default - [cretePermissions] Find role by name
[2023-06-14T18:47:09.974] [INFO] default - [cretePermissions] Creating SESSION
[2023-06-14T18:47:09.974] [INFO] default - [cretePermissions] Creating Admin
[2023-06-14T18:47:09.974] [INFO] default - [cretePermissions] End creating all permission automatically..
[2023-06-14T18:47:09.974] [INFO] default - [creteRoleAdmin] Perform dependency injection for IRoleEngineRepository
[2023-06-14T18:47:09.974] [INFO] default - [creteRoleAdmin] Find role by name
[2023-06-14T18:47:09.976] [INFO] default - [creteRoleAdmin] Role was found:[object Object]
[2023-06-14T18:47:09.985] [INFO] default - [createUserNantoi] Perform dependency injection for IUserEngineRepository
[2023-06-14T18:47:09.985] [INFO] default - [createUserNantoi] Find User by email
[2023-06-14T18:47:16.020] [INFO] default - Server started on port 3000
[2023-06-14T18:47:16.021] [INFO] default - [cretePermissions] Perform dependency injection for IPermissionEngineRepository
[2023-06-14T18:47:16.021] [INFO] default - [cretePermissions] Perform dependency injection for IPermissionGroupEngineRepository
[2023-06-14T18:47:16.021] [INFO] default - [cretePermissions] Start creating all permission automatically..
[2023-06-14T18:47:16.049] [INFO] default - [cretePermissions] Find role by name
[2023-06-14T18:47:16.051] [INFO] default - [cretePermissions] Creating SESSION
[2023-06-14T18:47:16.052] [INFO] default - [cretePermissions] Creating Admin
[2023-06-14T18:47:16.053] [INFO] default - [cretePermissions] Find role by name
[2023-06-14T18:47:16.054] [INFO] default - [cretePermissions] Creating SESSION
[2023-06-14T18:47:16.054] [INFO] default - [cretePermissions] Creating Admin
[2023-06-14T18:47:16.054] [INFO] default - [cretePermissions] End creating all permission automatically..
[2023-06-14T18:47:16.054] [INFO] default - [creteRoleAdmin] Perform dependency injection for IRoleEngineRepository
[2023-06-14T18:47:16.054] [INFO] default - [creteRoleAdmin] Find role by name
[2023-06-14T18:47:16.056] [INFO] default - [creteRoleAdmin] Role was found:[object Object]
[2023-06-14T18:47:16.065] [INFO] default - [createUserNantoi] Perform dependency injection for IUserEngineRepository
[2023-06-14T18:47:16.065] [INFO] default - [createUserNantoi] Find User by email
[2023-06-14T18:47:22.503] [INFO] default - Server started on port 3000
[2023-06-14T18:47:22.504] [INFO] default - [cretePermissions] Perform dependency injection for IPermissionEngineRepository
[2023-06-14T18:47:22.505] [INFO] default - [cretePermissions] Perform dependency injection for IPermissionGroupEngineRepository
[2023-06-14T18:47:22.505] [INFO] default - [cretePermissions] Start creating all permission automatically..
[2023-06-14T18:47:22.531] [INFO] default - [cretePermissions] Find role by name
[2023-06-14T18:47:22.532] [INFO] default - [cretePermissions] Creating SESSION
[2023-06-14T18:47:22.533] [INFO] default - [cretePermissions] Creating Admin
[2023-06-14T18:47:22.534] [INFO] default - [cretePermissions] Find role by name
[2023-06-14T18:47:22.534] [INFO] default - [cretePermissions] Creating SESSION
[2023-06-14T18:47:22.535] [INFO] default - [cretePermissions] Creating Admin
[2023-06-14T18:47:22.535] [INFO] default - [cretePermissions] End creating all permission automatically..
[2023-06-14T18:47:22.535] [INFO] default - [creteRoleAdmin] Perform dependency injection for IRoleEngineRepository
[2023-06-14T18:47:22.535] [INFO] default - [creteRoleAdmin] Find role by name
[2023-06-14T18:47:22.536] [INFO] default - [creteRoleAdmin] Role was found:[object Object]
[2023-06-14T18:47:22.546] [INFO] default - [createUserNantoi] Perform dependency injection for IUserEngineRepository
[2023-06-14T18:47:22.546] [INFO] default - [createUserNantoi] Find User by email
[2023-06-14T18:47:43.164] [INFO] default - Server started on port 3000
[2023-06-14T18:47:43.165] [INFO] default - [cretePermissions] Perform dependency injection for IPermissionEngineRepository
[2023-06-14T18:47:43.165] [INFO] default - [cretePermissions] Perform dependency injection for IPermissionGroupEngineRepository
[2023-06-14T18:47:43.165] [INFO] default - [cretePermissions] Start creating all permission automatically..
[2023-06-14T18:47:43.190] [INFO] default - [cretePermissions] Find role by name
[2023-06-14T18:47:43.192] [INFO] default - [cretePermissions] Creating SESSION
[2023-06-14T18:47:43.193] [INFO] default - [cretePermissions] Creating Admin
[2023-06-14T18:47:43.193] [INFO] default - [cretePermissions] Find role by name
[2023-06-14T18:47:43.194] [INFO] default - [cretePermissions] Creating SESSION
[2023-06-14T18:47:43.194] [INFO] default - [cretePermissions] Creating Admin
[2023-06-14T18:47:43.194] [INFO] default - [cretePermissions] End creating all permission automatically..
[2023-06-14T18:47:43.195] [INFO] default - [creteRoleAdmin] Perform dependency injection for IRoleEngineRepository
[2023-06-14T18:47:43.195] [INFO] default - [creteRoleAdmin] Find role by name
[2023-06-14T18:47:43.196] [INFO] default - [creteRoleAdmin] Role was found:[object Object]
[2023-06-14T18:47:43.205] [INFO] default - [createUserNantoi] Perform dependency injection for IUserEngineRepository
[2023-06-14T18:47:43.205] [INFO] default - [createUserNantoi] Find User by email
[2023-06-14T19:00:01.525] [INFO] default - [AuthValidator] checking authorization token
[2023-06-14T19:00:01.525] [INFO] default - [SchedulingController] Perform dependency injection for ISchedulingEngine
[2023-06-14T19:00:01.526] [INFO] default - [GenericOperationTemplate] Begin executing Operation {"operationId":205,"operationValidatorManager":{},"totalAvailableCollaborators":0,"schedulingEngineRepository":{},"schedulingTimeEngineRepository":{},"hollydayEngineRepository":{},"schedulingHistoryEnginerepository":{},"schedulingCategoryEngineRepository":{},"serviceEngineReository":{},"schedulingStatusEngineRepository":{}}
[2023-06-14T19:00:01.526] [INFO] default - [UpdateSchedulingOperation] Begin high-level validation of update scheduling data parameters...
[2023-06-14T19:00:01.542] [INFO] default - Scheduling entity {"enumOperationTemplate":{"enumValues":{"FOR_ANSWERING":"Por atender","ANSWERED":"Atendido","CANCELED":"Cancelado","REMOVED":"Removido"}},"status":{"code":"FOR_ANSWERING","description":"Por atender"},"id":"2","date":"2023-06-27","chosenHour":"15:00","year":0,"month":0,"day":0,"creationDate":"2023-06-09T19:09:36.000Z","attendDate":null,"revokingDate":null,"lastPasswordUpdate":"2023-06-10T17:06:58.000Z","citizen":{"id":"2","fullName":"Rober9to RoJger","email":"rog4f9rdo@hotmail.com","mobileNumber":"194365980065","creationDate":"2023-06-09T19:09:36.000Z"},"service":{"code":"CONSULAR_SERVICE","name":"Documento","category":{"code":"PASSPORT","description":"Passaporte"}}}
[2023-06-14T19:00:01.545] [INFO] default - [AddNewSchedulingOperation] Verify if if the service match the category...
[2023-06-14T19:00:01.548] [INFO] default - [AddNewSchedulingOperation] Verifying if scheduling date is a weekend or holiday: 2023-06-27
[2023-06-14T19:00:01.549] [INFO] default - [AddNewSchedulingOperation] Check if input date is hollyday 2023-06-27T00:00:00.000Z
[2023-06-14T19:00:01.554] [INFO] default - [AddNewSchedulingOperation] hollyDateEntity null
[2023-06-14T19:00:01.554] [INFO] default - [AddNewSchedulingOperation] Validating if time configuration for the input date exists: Tue Jun 27 2023 01:00:00 GMT+0100 (Hora de verão da Europa Ocidental)
[2023-06-14T19:00:01.562] [INFO] default - Scheduling entity founded [{"id":"4","creationDate":"2023-06-09T19:01:37.000Z","beginDate":"2023-06-27","beginWorkTime":"10:00","endWorkTime":"18:00","beginLunchTime":"13:00","endLunchTime":"17:00","serviceInterval":30,"availableCollaboratorNumber":3,"hours":[{"id":52,"value":"10:00"},{"id":53,"value":"10:30"},{"id":54,"value":"11:00"},{"id":55,"value":"11:30"},{"id":56,"value":"12:00"},{"id":57,"value":"12:30"},{"id":58,"value":"13:00"},{"id":59,"value":"13:30"},{"id":60,"value":"14:00"},{"id":61,"value":"14:30"},{"id":62,"value":"15:00"},{"id":63,"value":"15:30"},{"id":64,"value":"16:00"},{"id":65,"value":"16:30"},{"id":66,"value":"17:00"},{"id":67,"value":"17:30"},{"id":68,"value":"18:00"}]},{"id":"5","creationDate":"2023-06-09T19:01:37.000Z","beginDate":"2023-06-28","beginWorkTime":"10:00","endWorkTime":"18:00","beginLunchTime":"13:00","endLunchTime":"17:00","serviceInterval":30,"availableCollaboratorNumber":3,"hours":[{"id":69,"value":"10:00"},{"id":70,"value":"10:30"},{"id":71,"value":"11:00"},{"id":72,"value":"11:30"},{"id":73,"value":"12:00"},{"id":74,"value":"12:30"},{"id":75,"value":"13:00"},{"id":76,"value":"13:30"},{"id":77,"value":"14:00"},{"id":78,"value":"14:30"},{"id":79,"value":"15:00"},{"id":80,"value":"15:30"},{"id":81,"value":"16:00"},{"id":82,"value":"16:30"},{"id":83,"value":"17:00"},{"id":84,"value":"17:30"},{"id":85,"value":"18:00"}]}]
[2023-06-14T19:00:01.562] [INFO] default - [AddNewSchedulingOperation] Scheduling entity was found
[2023-06-14T19:00:01.562] [INFO] default - [AddNewTimeSlotOperation] Validating valid Pair -> SchedulingDate and hour
[2023-06-14T19:00:01.562] [INFO] default - [AddNewSchedulingOperation] Verifying if begin date is earlier than the current date...
[2023-06-14T19:00:01.562] [INFO] default - [AddNewSchedulingOperation] Begin searching Citizen by email to start validation of scheduling features...
[2023-06-14T19:00:01.562] [INFO] default - [AddNewSchedulingOperation] Citizen was found: undefined
[2023-06-14T19:00:01.562] [INFO] default - [UpdateSchedulingOperation] End high-level validation of update scheduling data parameters...
[2023-06-14T19:00:01.562] [INFO] default - [OperationTemplate] Begin executing operation:205
[2023-06-14T19:00:01.562] [INFO] default - [AuthenticationOperationTemplate] Perform dependency injection for ITokenEngineRepository
[2023-06-14T19:00:01.562] [INFO] default - [AuthenticationOperationTemplate] - Begin searching for valid token
[2023-06-14T19:00:01.566] [INFO] default - [AuthenticationOperationTemplate] - Valid token was founded for user nantoi@nantoi.com
[2023-06-14T19:00:01.566] [INFO] default - [AuthenticationOperationTemplate] - Check if user has initial actions
[2023-06-14T19:00:01.566] [INFO] default - Validate if user has permission to execute the operation
[2023-06-14T19:00:01.566] [INFO] default - [OperationValidatorManager] Perform dependency injection for IPermissionEngineRepository
[2023-06-14T19:00:01.566] [INFO] default - Searching permission in data base
[2023-06-14T19:00:01.567] [INFO] default - permission was founded. validate if operation is valid for user
[2023-06-14T19:00:01.572] [INFO] default - Acquire semaphore with desired concurrency level of acess: Depend of available collaborator number 
[2023-06-14T19:00:01.572] [INFO] default - [AddNewSchedulingOperation] Begin make scheduling with concurrency..
[2023-06-14T19:00:01.572] [INFO] default - Acquire the semaphore to gain access to the critical section
[2023-06-14T19:00:01.572] [INFO] default - [AddNewSchedulingOperation] Verify available date and hour to schedule...
[2023-06-14T19:00:01.575] [INFO] default - [AddNewSchedulingOperation] Begin constructing Scheduling object to be save in Data Base...
[2023-06-14T19:00:01.585] [INFO] default - [AddNewSchedulingOperation] Start Sending Email...
[2023-06-14T19:00:01.585] [ERROR] default - [AddNewSchedulingOperation] Errorr while acquire semaphore:TypeError: Cannot read properties of undefined (reading 'fullName')
[2023-06-14T19:00:01.586] [INFO] default - [OperationTemplate] End executing operation 205
[2023-06-14T19:00:01.586] [INFO] default - [GenericOperationTemplate] End executing Operation {"operationId":205,"operationValidatorManager":{},"totalAvailableCollaborators":3,"schedulingEngineRepository":{},"schedulingTimeEngineRepository":{},"hollydayEngineRepository":{},"schedulingHistoryEnginerepository":{},"schedulingCategoryEngineRepository":{},"serviceEngineReository":{},"schedulingStatusEngineRepository":{},"schedulingEntitySource":{"enumOperationTemplate":{"enumValues":{"FOR_ANSWERING":"Por atender","ANSWERED":"Atendido","CANCELED":"Cancelado","REMOVED":"Removido"}},"status":{"code":"FOR_ANSWERING","description":"Por atender"},"id":"2","date":"2023-06-27","chosenHour":"15:00","year":2023,"month":6,"day":27,"creationDate":"2023-06-09T19:09:36.000Z","attendDate":null,"revokingDate":null,"lastPasswordUpdate":"2023-06-14T18:00:01.575Z","service":{"code":"CONSULAR_SERVICE","name":"Documento"},"updateBy":{"enumOperationTemplate":{"enumValues":{"NEW":"Novo","ACTIVE":"Ativo","REMOVED":"Removido","SUSPENDED":"Suspenso"}},"status":{"code":"ACTIVE","description":"Ativo","listed":true},"id":"1","creationDate":"2023-06-09T18:58:47.000Z","activationDate":"2023-06-09T18:58:47.000Z","revokingDate":null,"lastPasswordUpdate":null,"fullName":"Admin Nantoi","mobileNumber":"123456789","email":"nantoi@nantoi.com","passwordHash":"$2b$10$huLlVYdhrPED2pVKaVV9MOQGM0UPuGH/oWulE6tA5IVYK0/asT1OC","passwordSalt":"$2b$10$huLlVYdhrPED2pVKaVV9MO","passwordTry":3}},"serviceEntity":{"code":"CONSULAR_SERVICE","name":"Documento"},"semaphore":{"promiseResolverQueue":[],"permits":3}}
[2023-06-14T19:00:07.516] [INFO] default - [AuthValidator] checking authorization token
[2023-06-14T19:00:07.516] [INFO] default - [SchedulingController] Perform dependency injection for ISchedulingEngine
[2023-06-14T19:00:07.517] [INFO] default - [GenericOperationTemplate] Begin executing Operation {"operationId":205,"operationValidatorManager":{},"totalAvailableCollaborators":0,"schedulingEngineRepository":{},"schedulingTimeEngineRepository":{},"hollydayEngineRepository":{},"schedulingHistoryEnginerepository":{},"schedulingCategoryEngineRepository":{},"serviceEngineReository":{},"schedulingStatusEngineRepository":{}}
[2023-06-14T19:00:07.518] [INFO] default - [UpdateSchedulingOperation] Begin high-level validation of update scheduling data parameters...
[2023-06-14T19:00:07.520] [INFO] default - Scheduling entity {"enumOperationTemplate":{"enumValues":{"FOR_ANSWERING":"Por atender","ANSWERED":"Atendido","CANCELED":"Cancelado","REMOVED":"Removido"}},"status":{"code":"FOR_ANSWERING","description":"Por atender"},"id":"2","date":"2023-06-27","chosenHour":"15:00","year":2023,"month":6,"day":27,"creationDate":"2023-06-09T19:09:36.000Z","attendDate":null,"revokingDate":null,"lastPasswordUpdate":"2023-06-14T18:00:02.000Z","citizen":{"id":"2","fullName":"Rober9to RoJger","email":"rog4f9rdo@hotmail.com","mobileNumber":"194365980065","creationDate":"2023-06-09T19:09:36.000Z"},"service":{"code":"CONSULAR_SERVICE","name":"Documento","category":{"code":"PASSPORT","description":"Passaporte"}}}
[2023-06-14T19:00:07.522] [INFO] default - [AddNewSchedulingOperation] Verify if if the service match the category...
[2023-06-14T19:00:07.524] [INFO] default - [AddNewSchedulingOperation] Verifying if scheduling date is a weekend or holiday: 2023-06-27
[2023-06-14T19:00:07.525] [INFO] default - [AddNewSchedulingOperation] Check if input date is hollyday 2023-06-27T00:00:00.000Z
[2023-06-14T19:00:07.527] [INFO] default - [AddNewSchedulingOperation] hollyDateEntity null
[2023-06-14T19:00:07.527] [INFO] default - [AddNewSchedulingOperation] Validating if time configuration for the input date exists: Tue Jun 27 2023 01:00:00 GMT+0100 (Hora de verão da Europa Ocidental)
[2023-06-14T19:00:07.528] [INFO] default - Scheduling entity founded [{"id":"4","creationDate":"2023-06-09T19:01:37.000Z","beginDate":"2023-06-27","beginWorkTime":"10:00","endWorkTime":"18:00","beginLunchTime":"13:00","endLunchTime":"17:00","serviceInterval":30,"availableCollaboratorNumber":3,"hours":[{"id":52,"value":"10:00"},{"id":53,"value":"10:30"},{"id":54,"value":"11:00"},{"id":55,"value":"11:30"},{"id":56,"value":"12:00"},{"id":57,"value":"12:30"},{"id":58,"value":"13:00"},{"id":59,"value":"13:30"},{"id":60,"value":"14:00"},{"id":61,"value":"14:30"},{"id":62,"value":"15:00"},{"id":63,"value":"15:30"},{"id":64,"value":"16:00"},{"id":65,"value":"16:30"},{"id":66,"value":"17:00"},{"id":67,"value":"17:30"},{"id":68,"value":"18:00"}]},{"id":"5","creationDate":"2023-06-09T19:01:37.000Z","beginDate":"2023-06-28","beginWorkTime":"10:00","endWorkTime":"18:00","beginLunchTime":"13:00","endLunchTime":"17:00","serviceInterval":30,"availableCollaboratorNumber":3,"hours":[{"id":69,"value":"10:00"},{"id":70,"value":"10:30"},{"id":71,"value":"11:00"},{"id":72,"value":"11:30"},{"id":73,"value":"12:00"},{"id":74,"value":"12:30"},{"id":75,"value":"13:00"},{"id":76,"value":"13:30"},{"id":77,"value":"14:00"},{"id":78,"value":"14:30"},{"id":79,"value":"15:00"},{"id":80,"value":"15:30"},{"id":81,"value":"16:00"},{"id":82,"value":"16:30"},{"id":83,"value":"17:00"},{"id":84,"value":"17:30"},{"id":85,"value":"18:00"}]}]
[2023-06-14T19:00:07.528] [INFO] default - [AddNewSchedulingOperation] Scheduling entity was found
[2023-06-14T19:00:07.528] [INFO] default - [AddNewTimeSlotOperation] Validating valid Pair -> SchedulingDate and hour
[2023-06-14T19:00:07.529] [INFO] default - [AddNewSchedulingOperation] Verifying if begin date is earlier than the current date...
[2023-06-14T19:00:07.529] [INFO] default - [AddNewSchedulingOperation] Begin searching Citizen by email to start validation of scheduling features...
[2023-06-14T19:00:07.529] [INFO] default - [AddNewSchedulingOperation] Citizen was found: undefined
[2023-06-14T19:00:07.529] [INFO] default - [UpdateSchedulingOperation] End high-level validation of update scheduling data parameters...
[2023-06-14T19:00:07.529] [INFO] default - [OperationTemplate] Begin executing operation:205
[2023-06-14T19:00:07.529] [INFO] default - [AuthenticationOperationTemplate] Perform dependency injection for ITokenEngineRepository
[2023-06-14T19:00:07.529] [INFO] default - [AuthenticationOperationTemplate] - Begin searching for valid token
[2023-06-14T19:00:07.530] [INFO] default - [AuthenticationOperationTemplate] - Valid token was founded for user nantoi@nantoi.com
[2023-06-14T19:00:07.530] [INFO] default - [AuthenticationOperationTemplate] - Check if user has initial actions
[2023-06-14T19:00:07.530] [INFO] default - Validate if user has permission to execute the operation
[2023-06-14T19:00:07.531] [INFO] default - [OperationValidatorManager] Perform dependency injection for IPermissionEngineRepository
[2023-06-14T19:00:07.531] [INFO] default - Searching permission in data base
[2023-06-14T19:00:07.531] [INFO] default - permission was founded. validate if operation is valid for user
[2023-06-14T19:00:07.532] [INFO] default - Acquire semaphore with desired concurrency level of acess: Depend of available collaborator number 
[2023-06-14T19:00:07.532] [INFO] default - [AddNewSchedulingOperation] Begin make scheduling with concurrency..
[2023-06-14T19:00:07.532] [INFO] default - Acquire the semaphore to gain access to the critical section
[2023-06-14T19:00:07.533] [INFO] default - [AddNewSchedulingOperation] Verify available date and hour to schedule...
[2023-06-14T19:00:07.534] [INFO] default - [AddNewSchedulingOperation] Begin constructing Scheduling object to be save in Data Base...
[2023-06-14T19:00:07.542] [INFO] default - [AddNewSchedulingOperation] Start Sending Email...
[2023-06-14T19:00:07.542] [ERROR] default - [AddNewSchedulingOperation] Errorr while acquire semaphore:TypeError: Cannot read properties of undefined (reading 'fullName')
[2023-06-14T19:00:07.542] [INFO] default - [OperationTemplate] End executing operation 205
[2023-06-14T19:00:07.542] [INFO] default - [GenericOperationTemplate] End executing Operation {"operationId":205,"operationValidatorManager":{},"totalAvailableCollaborators":3,"schedulingEngineRepository":{},"schedulingTimeEngineRepository":{},"hollydayEngineRepository":{},"schedulingHistoryEnginerepository":{},"schedulingCategoryEngineRepository":{},"serviceEngineReository":{},"schedulingStatusEngineRepository":{},"schedulingEntitySource":{"enumOperationTemplate":{"enumValues":{"FOR_ANSWERING":"Por atender","ANSWERED":"Atendido","CANCELED":"Cancelado","REMOVED":"Removido"}},"status":{"code":"FOR_ANSWERING","description":"Por atender"},"id":"2","date":"2023-06-27","chosenHour":"15:00","year":2023,"month":6,"day":27,"creationDate":"2023-06-09T19:09:36.000Z","attendDate":null,"revokingDate":null,"lastPasswordUpdate":"2023-06-14T18:00:07.534Z","service":{"code":"CONSULAR_SERVICE","name":"Documento"},"updateBy":{"enumOperationTemplate":{"enumValues":{"NEW":"Novo","ACTIVE":"Ativo","REMOVED":"Removido","SUSPENDED":"Suspenso"}},"status":{"code":"ACTIVE","description":"Ativo","listed":true},"id":"1","creationDate":"2023-06-09T18:58:47.000Z","activationDate":"2023-06-09T18:58:47.000Z","revokingDate":null,"lastPasswordUpdate":null,"fullName":"Admin Nantoi","mobileNumber":"123456789","email":"nantoi@nantoi.com","passwordHash":"$2b$10$huLlVYdhrPED2pVKaVV9MOQGM0UPuGH/oWulE6tA5IVYK0/asT1OC","passwordSalt":"$2b$10$huLlVYdhrPED2pVKaVV9MO","passwordTry":3}},"serviceEntity":{"code":"CONSULAR_SERVICE","name":"Documento"},"semaphore":{"promiseResolverQueue":[],"permits":3}}
[2023-06-14T19:02:20.921] [INFO] default - Server started on port 3000
[2023-06-14T19:02:20.922] [INFO] default - [cretePermissions] Perform dependency injection for IPermissionEngineRepository
[2023-06-14T19:02:20.922] [INFO] default - [cretePermissions] Perform dependency injection for IPermissionGroupEngineRepository
[2023-06-14T19:02:20.922] [INFO] default - [cretePermissions] Start creating all permission automatically..
[2023-06-14T19:02:20.948] [INFO] default - [cretePermissions] Find role by name
[2023-06-14T19:02:20.949] [INFO] default - [cretePermissions] Creating SESSION
[2023-06-14T19:02:20.950] [INFO] default - [cretePermissions] Creating Admin
[2023-06-14T19:02:20.951] [INFO] default - [cretePermissions] Find role by name
[2023-06-14T19:02:20.952] [INFO] default - [cretePermissions] Creating SESSION
[2023-06-14T19:02:20.953] [INFO] default - [cretePermissions] Creating Admin
[2023-06-14T19:02:20.953] [INFO] default - [cretePermissions] End creating all permission automatically..
[2023-06-14T19:02:20.953] [INFO] default - [creteRoleAdmin] Perform dependency injection for IRoleEngineRepository
[2023-06-14T19:02:20.953] [INFO] default - [creteRoleAdmin] Find role by name
[2023-06-14T19:02:20.955] [INFO] default - [creteRoleAdmin] Role was found:[object Object]
[2023-06-14T19:02:20.962] [INFO] default - [createUserNantoi] Perform dependency injection for IUserEngineRepository
[2023-06-14T19:02:20.962] [INFO] default - [createUserNantoi] Find User by email
[2023-06-14T19:02:42.321] [INFO] default - Server started on port 3000
[2023-06-14T19:02:42.322] [INFO] default - [cretePermissions] Perform dependency injection for IPermissionEngineRepository
[2023-06-14T19:02:42.322] [INFO] default - [cretePermissions] Perform dependency injection for IPermissionGroupEngineRepository
[2023-06-14T19:02:42.322] [INFO] default - [cretePermissions] Start creating all permission automatically..
[2023-06-14T19:02:42.359] [INFO] default - [cretePermissions] Find role by name
[2023-06-14T19:02:42.361] [INFO] default - [cretePermissions] Creating SESSION
[2023-06-14T19:02:42.363] [INFO] default - [cretePermissions] Creating Admin
[2023-06-14T19:02:42.364] [INFO] default - [cretePermissions] Find role by name
[2023-06-14T19:02:42.365] [INFO] default - [cretePermissions] Creating SESSION
[2023-06-14T19:02:42.366] [INFO] default - [cretePermissions] Creating Admin
[2023-06-14T19:02:42.366] [INFO] default - [cretePermissions] End creating all permission automatically..
[2023-06-14T19:02:42.366] [INFO] default - [creteRoleAdmin] Perform dependency injection for IRoleEngineRepository
[2023-06-14T19:02:42.366] [INFO] default - [creteRoleAdmin] Find role by name
[2023-06-14T19:02:42.369] [INFO] default - [creteRoleAdmin] Role was found:[object Object]
[2023-06-14T19:02:42.379] [INFO] default - [createUserNantoi] Perform dependency injection for IUserEngineRepository
[2023-06-14T19:02:42.379] [INFO] default - [createUserNantoi] Find User by email
[2023-06-14T19:03:21.309] [INFO] default - Server started on port 3000
[2023-06-14T19:03:21.310] [INFO] default - [cretePermissions] Perform dependency injection for IPermissionEngineRepository
[2023-06-14T19:03:21.311] [INFO] default - [cretePermissions] Perform dependency injection for IPermissionGroupEngineRepository
[2023-06-14T19:03:21.311] [INFO] default - [cretePermissions] Start creating all permission automatically..
[2023-06-14T19:03:21.333] [INFO] default - [cretePermissions] Find role by name
[2023-06-14T19:03:21.335] [INFO] default - [cretePermissions] Creating SESSION
[2023-06-14T19:03:21.336] [INFO] default - [cretePermissions] Creating Admin
[2023-06-14T19:03:21.337] [INFO] default - [cretePermissions] Find role by name
[2023-06-14T19:03:21.338] [INFO] default - [cretePermissions] Creating SESSION
[2023-06-14T19:03:21.338] [INFO] default - [cretePermissions] Creating Admin
[2023-06-14T19:03:21.339] [INFO] default - [cretePermissions] End creating all permission automatically..
[2023-06-14T19:03:21.339] [INFO] default - [creteRoleAdmin] Perform dependency injection for IRoleEngineRepository
[2023-06-14T19:03:21.339] [INFO] default - [creteRoleAdmin] Find role by name
[2023-06-14T19:03:21.341] [INFO] default - [creteRoleAdmin] Role was found:[object Object]
[2023-06-14T19:03:21.349] [INFO] default - [createUserNantoi] Perform dependency injection for IUserEngineRepository
[2023-06-14T19:03:21.349] [INFO] default - [createUserNantoi] Find User by email
[2023-06-14T19:03:28.898] [INFO] default - Server started on port 3000
[2023-06-14T19:03:28.899] [INFO] default - [cretePermissions] Perform dependency injection for IPermissionEngineRepository
[2023-06-14T19:03:28.899] [INFO] default - [cretePermissions] Perform dependency injection for IPermissionGroupEngineRepository
[2023-06-14T19:03:28.899] [INFO] default - [cretePermissions] Start creating all permission automatically..
[2023-06-14T19:03:28.925] [INFO] default - [cretePermissions] Find role by name
[2023-06-14T19:03:28.926] [INFO] default - [cretePermissions] Creating SESSION
[2023-06-14T19:03:28.927] [INFO] default - [cretePermissions] Creating Admin
[2023-06-14T19:03:28.928] [INFO] default - [cretePermissions] Find role by name
[2023-06-14T19:03:28.928] [INFO] default - [cretePermissions] Creating SESSION
[2023-06-14T19:03:28.929] [INFO] default - [cretePermissions] Creating Admin
[2023-06-14T19:03:28.929] [INFO] default - [cretePermissions] End creating all permission automatically..
[2023-06-14T19:03:28.929] [INFO] default - [creteRoleAdmin] Perform dependency injection for IRoleEngineRepository
[2023-06-14T19:03:28.929] [INFO] default - [creteRoleAdmin] Find role by name
[2023-06-14T19:03:28.930] [INFO] default - [creteRoleAdmin] Role was found:[object Object]
[2023-06-14T19:03:28.938] [INFO] default - [createUserNantoi] Perform dependency injection for IUserEngineRepository
[2023-06-14T19:03:28.938] [INFO] default - [createUserNantoi] Find User by email
[2023-06-14T19:03:40.814] [INFO] default - [UserController] Perform dependency injection for UserController
[2023-06-14T19:03:40.814] [INFO] default - [UserController] Perform dependency injection for UserController was successfully
[2023-06-14T19:03:40.814] [INFO] default - [GenericOperationTemplate] Begin executing Operation {"operationId":707,"userRepository":{},"tokenRepository":{},"userPossiblestatusRepository":{}}
[2023-06-14T19:03:40.816] [INFO] default - [LoginOperation] check password for user User {
  enumOperationTemplate: [EnumOperationTemplate],
  status: [UserStatus],
  id: '1',
  creationDate: 2023-06-09T18:58:47.000Z,
  activationDate: 2023-06-09T18:58:47.000Z,
  revokingDate: null,
  lastPasswordUpdate: null,
  fullName: 'Admin Nantoi',
  mobileNumber: '123456789',
  email: 'nantoi@nantoi.com',
  passwordHash: '$2b$10$huLlVYdhrPED2pVKaVV9MOQGM0UPuGH/oWulE6tA5IVYK0/asT1OC',
  passwordSalt: '$2b$10$huLlVYdhrPED2pVKaVV9MO',
  passwordTry: 3
}
[2023-06-14T19:03:40.817] [INFO] default - [PasswordValidator] check if input passawrd is igual to saved passowrd
[2023-06-14T19:03:40.870] [INFO] default - [OperationTemplate] Begin executing operation:707
[2023-06-14T19:03:40.871] [INFO] default - [LoginOperation]  Saving token session...
[2023-06-14T19:03:40.887] [INFO] default - [OperationTemplate] End executing operation 707
[2023-06-14T19:03:40.887] [INFO] default - [GenericOperationTemplate] End executing Operation {"operationId":707,"userRepository":{},"tokenRepository":{},"userPossiblestatusRepository":{},"user":{"status":{"code":"ACTIVE","description":"Ativo","listed":true},"id":"1","creationDate":"2023-06-09T18:58:47.000Z","activationDate":"2023-06-09T18:58:47.000Z","revokingDate":null,"lastPasswordUpdate":null,"fullName":"Admin Nantoi","mobileNumber":"123456789","email":"nantoi@nantoi.com","passwordTry":3}}
[2023-06-14T19:04:06.925] [INFO] default - Server started on port 3000
[2023-06-14T19:04:06.926] [INFO] default - [cretePermissions] Perform dependency injection for IPermissionEngineRepository
[2023-06-14T19:04:06.926] [INFO] default - [cretePermissions] Perform dependency injection for IPermissionGroupEngineRepository
[2023-06-14T19:04:06.927] [INFO] default - [cretePermissions] Start creating all permission automatically..
[2023-06-14T19:04:06.958] [INFO] default - [cretePermissions] Find role by name
[2023-06-14T19:04:06.960] [INFO] default - [cretePermissions] Creating SESSION
[2023-06-14T19:04:06.961] [INFO] default - [cretePermissions] Creating Admin
[2023-06-14T19:04:06.961] [INFO] default - [cretePermissions] Find role by name
[2023-06-14T19:04:06.962] [INFO] default - [cretePermissions] Creating SESSION
[2023-06-14T19:04:06.963] [INFO] default - [cretePermissions] Creating Admin
[2023-06-14T19:04:06.963] [INFO] default - [cretePermissions] End creating all permission automatically..
[2023-06-14T19:04:06.963] [INFO] default - [creteRoleAdmin] Perform dependency injection for IRoleEngineRepository
[2023-06-14T19:04:06.963] [INFO] default - [creteRoleAdmin] Find role by name
[2023-06-14T19:04:06.964] [INFO] default - [creteRoleAdmin] Role was found:[object Object]
[2023-06-14T19:04:06.973] [INFO] default - [createUserNantoi] Perform dependency injection for IUserEngineRepository
[2023-06-14T19:04:06.974] [INFO] default - [createUserNantoi] Find User by email
[2023-06-14T19:04:12.957] [INFO] default - Server started on port 3000
[2023-06-14T19:04:12.958] [INFO] default - [cretePermissions] Perform dependency injection for IPermissionEngineRepository
[2023-06-14T19:04:12.958] [INFO] default - [cretePermissions] Perform dependency injection for IPermissionGroupEngineRepository
[2023-06-14T19:04:12.958] [INFO] default - [cretePermissions] Start creating all permission automatically..
[2023-06-14T19:04:12.989] [INFO] default - [cretePermissions] Find role by name
[2023-06-14T19:04:12.991] [INFO] default - [cretePermissions] Creating SESSION
[2023-06-14T19:04:12.992] [INFO] default - [cretePermissions] Creating Admin
[2023-06-14T19:04:12.992] [INFO] default - [cretePermissions] Find role by name
[2023-06-14T19:04:12.993] [INFO] default - [cretePermissions] Creating SESSION
[2023-06-14T19:04:12.993] [INFO] default - [cretePermissions] Creating Admin
[2023-06-14T19:04:12.994] [INFO] default - [cretePermissions] End creating all permission automatically..
[2023-06-14T19:04:12.994] [INFO] default - [creteRoleAdmin] Perform dependency injection for IRoleEngineRepository
[2023-06-14T19:04:12.994] [INFO] default - [creteRoleAdmin] Find role by name
[2023-06-14T19:04:12.995] [INFO] default - [creteRoleAdmin] Role was found:[object Object]
[2023-06-14T19:04:13.005] [INFO] default - [createUserNantoi] Perform dependency injection for IUserEngineRepository
[2023-06-14T19:04:13.006] [INFO] default - [createUserNantoi] Find User by email
[2023-06-14T19:16:42.006] [INFO] default - Server started on port 3000
[2023-06-14T19:16:42.007] [INFO] default - [cretePermissions] Perform dependency injection for IPermissionEngineRepository
[2023-06-14T19:16:42.008] [INFO] default - [cretePermissions] Perform dependency injection for IPermissionGroupEngineRepository
[2023-06-14T19:16:42.008] [INFO] default - [cretePermissions] Start creating all permission automatically..
[2023-06-14T19:16:42.032] [INFO] default - [cretePermissions] Find role by name
[2023-06-14T19:16:42.034] [INFO] default - [cretePermissions] Creating SESSION
[2023-06-14T19:16:42.035] [INFO] default - [cretePermissions] Creating Admin
[2023-06-14T19:16:42.036] [INFO] default - [cretePermissions] Find role by name
[2023-06-14T19:16:42.038] [INFO] default - [cretePermissions] Creating SESSION
[2023-06-14T19:16:42.038] [INFO] default - [cretePermissions] Creating Admin
[2023-06-14T19:16:42.038] [INFO] default - [cretePermissions] End creating all permission automatically..
[2023-06-14T19:16:42.038] [INFO] default - [creteRoleAdmin] Perform dependency injection for IRoleEngineRepository
[2023-06-14T19:16:42.038] [INFO] default - [creteRoleAdmin] Find role by name
[2023-06-14T19:16:42.040] [INFO] default - [creteRoleAdmin] Role was found:[object Object]
[2023-06-14T19:16:42.048] [INFO] default - [createUserNantoi] Perform dependency injection for IUserEngineRepository
[2023-06-14T19:16:42.048] [INFO] default - [createUserNantoi] Find User by email
[2023-06-14T19:17:23.386] [INFO] default - Server started on port 3000
[2023-06-14T19:17:23.387] [INFO] default - [cretePermissions] Perform dependency injection for IPermissionEngineRepository
[2023-06-14T19:17:23.387] [INFO] default - [cretePermissions] Perform dependency injection for IPermissionGroupEngineRepository
[2023-06-14T19:17:23.387] [INFO] default - [cretePermissions] Start creating all permission automatically..
[2023-06-14T19:17:23.415] [INFO] default - [cretePermissions] Find role by name
[2023-06-14T19:17:23.416] [INFO] default - [cretePermissions] Creating SESSION
[2023-06-14T19:17:23.418] [INFO] default - [cretePermissions] Creating Admin
[2023-06-14T19:17:23.419] [INFO] default - [cretePermissions] Find role by name
[2023-06-14T19:17:23.421] [INFO] default - [cretePermissions] Creating SESSION
[2023-06-14T19:17:23.421] [INFO] default - [cretePermissions] Creating Admin
[2023-06-14T19:17:23.421] [INFO] default - [cretePermissions] End creating all permission automatically..
[2023-06-14T19:17:23.421] [INFO] default - [creteRoleAdmin] Perform dependency injection for IRoleEngineRepository
[2023-06-14T19:17:23.421] [INFO] default - [creteRoleAdmin] Find role by name
[2023-06-14T19:17:23.423] [INFO] default - [creteRoleAdmin] Role was found:[object Object]
[2023-06-14T19:17:23.430] [INFO] default - [createUserNantoi] Perform dependency injection for IUserEngineRepository
[2023-06-14T19:17:23.430] [INFO] default - [createUserNantoi] Find User by email
[2023-06-14T19:17:33.603] [INFO] default - Server started on port 3000
[2023-06-14T19:17:33.604] [INFO] default - [cretePermissions] Perform dependency injection for IPermissionEngineRepository
[2023-06-14T19:17:33.605] [INFO] default - [cretePermissions] Perform dependency injection for IPermissionGroupEngineRepository
[2023-06-14T19:17:33.605] [INFO] default - [cretePermissions] Start creating all permission automatically..
[2023-06-14T19:17:33.632] [INFO] default - [cretePermissions] Find role by name
[2023-06-14T19:17:33.634] [INFO] default - [cretePermissions] Creating SESSION
[2023-06-14T19:17:33.635] [INFO] default - [cretePermissions] Creating Admin
[2023-06-14T19:17:33.636] [INFO] default - [cretePermissions] Find role by name
[2023-06-14T19:17:33.636] [INFO] default - [cretePermissions] Creating SESSION
[2023-06-14T19:17:33.637] [INFO] default - [cretePermissions] Creating Admin
[2023-06-14T19:17:33.637] [INFO] default - [cretePermissions] End creating all permission automatically..
[2023-06-14T19:17:33.637] [INFO] default - [creteRoleAdmin] Perform dependency injection for IRoleEngineRepository
[2023-06-14T19:17:33.637] [INFO] default - [creteRoleAdmin] Find role by name
[2023-06-14T19:17:33.638] [INFO] default - [creteRoleAdmin] Role was found:[object Object]
[2023-06-14T19:17:33.647] [INFO] default - [createUserNantoi] Perform dependency injection for IUserEngineRepository
[2023-06-14T19:17:33.647] [INFO] default - [createUserNantoi] Find User by email
[2023-06-14T19:18:25.079] [INFO] default - Server started on port 3000
[2023-06-14T19:18:25.080] [INFO] default - [cretePermissions] Perform dependency injection for IPermissionEngineRepository
[2023-06-14T19:18:25.080] [INFO] default - [cretePermissions] Perform dependency injection for IPermissionGroupEngineRepository
[2023-06-14T19:18:25.081] [INFO] default - [cretePermissions] Start creating all permission automatically..
[2023-06-14T19:18:25.110] [INFO] default - [cretePermissions] Find role by name
[2023-06-14T19:18:25.111] [INFO] default - [cretePermissions] Creating SESSION
[2023-06-14T19:18:25.112] [INFO] default - [cretePermissions] Creating Admin
[2023-06-14T19:18:25.113] [INFO] default - [cretePermissions] Find role by name
[2023-06-14T19:18:25.114] [INFO] default - [cretePermissions] Creating SESSION
[2023-06-14T19:18:25.114] [INFO] default - [cretePermissions] Creating Admin
[2023-06-14T19:18:25.114] [INFO] default - [cretePermissions] End creating all permission automatically..
[2023-06-14T19:18:25.115] [INFO] default - [creteRoleAdmin] Perform dependency injection for IRoleEngineRepository
[2023-06-14T19:18:25.115] [INFO] default - [creteRoleAdmin] Find role by name
[2023-06-14T19:18:25.116] [INFO] default - [creteRoleAdmin] Role was found:[object Object]
[2023-06-14T19:18:25.125] [INFO] default - [createUserNantoi] Perform dependency injection for IUserEngineRepository
[2023-06-14T19:18:25.125] [INFO] default - [createUserNantoi] Find User by email
[2023-06-14T19:18:36.013] [INFO] default - Server started on port 3000
[2023-06-14T19:18:36.014] [INFO] default - [cretePermissions] Perform dependency injection for IPermissionEngineRepository
[2023-06-14T19:18:36.015] [INFO] default - [cretePermissions] Perform dependency injection for IPermissionGroupEngineRepository
[2023-06-14T19:18:36.015] [INFO] default - [cretePermissions] Start creating all permission automatically..
[2023-06-14T19:18:36.042] [INFO] default - [cretePermissions] Find role by name
[2023-06-14T19:18:36.044] [INFO] default - [cretePermissions] Creating SESSION
[2023-06-14T19:18:36.045] [INFO] default - [cretePermissions] Creating Admin
[2023-06-14T19:18:36.046] [INFO] default - [cretePermissions] Find role by name
[2023-06-14T19:18:36.048] [INFO] default - [cretePermissions] Creating SESSION
[2023-06-14T19:18:36.048] [INFO] default - [cretePermissions] Creating Admin
[2023-06-14T19:18:36.048] [INFO] default - [cretePermissions] End creating all permission automatically..
[2023-06-14T19:18:36.049] [INFO] default - [creteRoleAdmin] Perform dependency injection for IRoleEngineRepository
[2023-06-14T19:18:36.049] [INFO] default - [creteRoleAdmin] Find role by name
[2023-06-14T19:18:36.050] [INFO] default - [creteRoleAdmin] Role was found:[object Object]
[2023-06-14T19:18:36.058] [INFO] default - [createUserNantoi] Perform dependency injection for IUserEngineRepository
[2023-06-14T19:18:36.058] [INFO] default - [createUserNantoi] Find User by email
[2023-06-14T19:28:35.245] [INFO] default - Server started on port 3000
[2023-06-14T19:28:35.247] [INFO] default - [cretePermissions] Perform dependency injection for IPermissionEngineRepository
[2023-06-14T19:28:35.247] [INFO] default - [cretePermissions] Perform dependency injection for IPermissionGroupEngineRepository
[2023-06-14T19:28:35.247] [INFO] default - [cretePermissions] Start creating all permission automatically..
[2023-06-14T19:28:35.276] [INFO] default - [cretePermissions] Find role by name
[2023-06-14T19:28:35.277] [INFO] default - [cretePermissions] Creating SESSION
[2023-06-14T19:28:35.278] [INFO] default - [cretePermissions] Creating Admin
[2023-06-14T19:28:35.279] [INFO] default - [cretePermissions] Find role by name
[2023-06-14T19:28:35.280] [INFO] default - [cretePermissions] Creating SESSION
[2023-06-14T19:28:35.280] [INFO] default - [cretePermissions] Creating Admin
[2023-06-14T19:28:35.280] [INFO] default - [cretePermissions] End creating all permission automatically..
[2023-06-14T19:28:35.280] [INFO] default - [creteRoleAdmin] Perform dependency injection for IRoleEngineRepository
[2023-06-14T19:28:35.280] [INFO] default - [creteRoleAdmin] Find role by name
[2023-06-14T19:28:35.282] [INFO] default - [creteRoleAdmin] Role was found:[object Object]
[2023-06-14T19:28:35.290] [INFO] default - [createUserNantoi] Perform dependency injection for IUserEngineRepository
[2023-06-14T19:28:35.290] [INFO] default - [createUserNantoi] Find User by email
[2023-06-14T19:28:46.494] [INFO] default - [AuthValidator] checking authorization token
[2023-06-14T19:28:46.494] [INFO] default - [SchedulingController] Perform dependency injection for ISchedulingEngine
[2023-06-14T19:28:46.495] [INFO] default - [GenericOperationTemplate] Begin executing Operation {"operationId":204,"operationValidatorManager":{},"schedulingEngineRepository":{},"schedulingStatusEngineRepository":{}}
[2023-06-14T19:28:46.496] [INFO] default - [GetSchedulingDetailOperation] Begin high-level validation of get scheduling detail parameters...
[2023-06-14T19:28:46.500] [INFO] default - [GetSchedulingDetailOperation] End high-level validation of get scheduling detail parameters...
[2023-06-14T19:28:46.500] [INFO] default - [OperationTemplate] Begin executing operation:204
[2023-06-14T19:28:46.500] [INFO] default - [AuthenticationOperationTemplate] Perform dependency injection for ITokenEngineRepository
[2023-06-14T19:28:46.500] [INFO] default - [AuthenticationOperationTemplate] - Begin searching for valid token
[2023-06-14T19:28:46.502] [INFO] default - [AuthenticationOperationTemplate] - Valid token was founded for user nantoi@nantoi.com
[2023-06-14T19:28:46.502] [INFO] default - [AuthenticationOperationTemplate] - Check if user has initial actions
[2023-06-14T19:28:46.503] [INFO] default - Validate if user has permission to execute the operation
[2023-06-14T19:28:46.503] [INFO] default - [OperationValidatorManager] Perform dependency injection for IPermissionEngineRepository
[2023-06-14T19:28:46.503] [INFO] default - Searching permission in data base
[2023-06-14T19:28:46.504] [INFO] default - permission was founded. validate if operation is valid for user
[2023-06-14T19:28:46.510] [INFO] default - [OperationTemplate] End executing operation 204
[2023-06-14T19:28:46.510] [INFO] default - [GenericOperationTemplate] End executing Operation {"operationId":204,"operationValidatorManager":{},"schedulingEngineRepository":{},"schedulingStatusEngineRepository":{},"schedulingEntity":{"status":{"code":"ANSWERED","description":"Atendido"},"id":"1","date":"2023-06-27","chosenHour":"15:00","year":0,"month":0,"day":0,"creationDate":"2023-06-10T11:24:49.000Z","attendDate":"2023-06-12T21:29:13.000Z","revokingDate":null,"lastPasswordUpdate":"2023-06-10T11:33:24.000Z","citizen":{"id":"1","fullName":"Roberto RoJger","email":"rog4frdo@hotmail.com","mobileNumber":"194395980065","creationDate":"2023-06-09T19:01:49.000Z"},"service":{"code":"CONSULAR_SERVICE","name":"Documento","category":{"code":"PASSPORT","description":"Passaporte"}}}}
[2023-06-14T19:29:34.431] [INFO] default - Server started on port 3000
[2023-06-14T19:29:34.432] [INFO] default - [cretePermissions] Perform dependency injection for IPermissionEngineRepository
[2023-06-14T19:29:34.432] [INFO] default - [cretePermissions] Perform dependency injection for IPermissionGroupEngineRepository
[2023-06-14T19:29:34.432] [INFO] default - [cretePermissions] Start creating all permission automatically..
[2023-06-14T19:29:34.460] [INFO] default - [cretePermissions] Find role by name
[2023-06-14T19:29:34.462] [INFO] default - [cretePermissions] Creating SESSION
[2023-06-14T19:29:34.463] [INFO] default - [cretePermissions] Creating Admin
[2023-06-14T19:29:34.464] [INFO] default - [cretePermissions] Find role by name
[2023-06-14T19:29:34.465] [INFO] default - [cretePermissions] Creating SESSION
[2023-06-14T19:29:34.466] [INFO] default - [cretePermissions] Creating Admin
[2023-06-14T19:29:34.466] [INFO] default - [cretePermissions] End creating all permission automatically..
[2023-06-14T19:29:34.466] [INFO] default - [creteRoleAdmin] Perform dependency injection for IRoleEngineRepository
[2023-06-14T19:29:34.466] [INFO] default - [creteRoleAdmin] Find role by name
[2023-06-14T19:29:34.468] [INFO] default - [creteRoleAdmin] Role was found:[object Object]
[2023-06-14T19:29:34.476] [INFO] default - [createUserNantoi] Perform dependency injection for IUserEngineRepository
[2023-06-14T19:29:34.476] [INFO] default - [createUserNantoi] Find User by email
[2023-06-14T19:29:36.473] [INFO] default - [AuthValidator] checking authorization token
[2023-06-14T19:29:36.473] [INFO] default - [SchedulingController] Perform dependency injection for ISchedulingEngine
[2023-06-14T19:29:36.473] [INFO] default - [GenericOperationTemplate] Begin executing Operation {"operationId":208,"operationValidatorManager":{},"schedulingEngineRepository":{}}
[2023-06-14T19:29:36.474] [INFO] default - [OperationTemplate] Begin executing operation:208
[2023-06-14T19:29:36.475] [INFO] default - [AuthenticationOperationTemplate] Perform dependency injection for ITokenEngineRepository
[2023-06-14T19:29:36.475] [INFO] default - [AuthenticationOperationTemplate] - Begin searching for valid token
[2023-06-14T19:29:36.478] [INFO] default - [AuthenticationOperationTemplate] - Valid token was founded for user nantoi@nantoi.com
[2023-06-14T19:29:36.478] [INFO] default - [AuthenticationOperationTemplate] - Check if user has initial actions
[2023-06-14T19:29:36.478] [INFO] default - Validate if user has permission to execute the operation
[2023-06-14T19:29:36.478] [INFO] default - [OperationValidatorManager] Perform dependency injection for IPermissionEngineRepository
[2023-06-14T19:29:36.478] [INFO] default - Searching permission in data base
[2023-06-14T19:29:36.479] [INFO] default - permission was founded. validate if operation is valid for user
[2023-06-14T19:29:36.482] [INFO] default - [GetSchedulingStatisticsOperatin] Start preparing scheduling statistics...
[2023-06-14T19:29:36.488] [INFO] default - [OperationTemplate] End executing operation 208
[2023-06-14T19:29:36.488] [INFO] default - [GenericOperationTemplate] End executing Operation {"operationId":208,"operationValidatorManager":{},"schedulingEngineRepository":{}}
[2023-06-14T19:29:48.304] [INFO] default - Server started on port 3000
[2023-06-14T19:29:48.304] [INFO] default - [cretePermissions] Perform dependency injection for IPermissionEngineRepository
[2023-06-14T19:29:48.305] [INFO] default - [cretePermissions] Perform dependency injection for IPermissionGroupEngineRepository
[2023-06-14T19:29:48.305] [INFO] default - [cretePermissions] Start creating all permission automatically..
[2023-06-14T19:29:48.329] [INFO] default - [cretePermissions] Find role by name
[2023-06-14T19:29:48.330] [INFO] default - [cretePermissions] Creating SESSION
[2023-06-14T19:29:48.331] [INFO] default - [cretePermissions] Creating Admin
[2023-06-14T19:29:48.332] [INFO] default - [cretePermissions] Find role by name
[2023-06-14T19:29:48.332] [INFO] default - [cretePermissions] Creating SESSION
[2023-06-14T19:29:48.332] [INFO] default - [cretePermissions] Creating Admin
[2023-06-14T19:29:48.332] [INFO] default - [cretePermissions] End creating all permission automatically..
[2023-06-14T19:29:48.333] [INFO] default - [creteRoleAdmin] Perform dependency injection for IRoleEngineRepository
[2023-06-14T19:29:48.333] [INFO] default - [creteRoleAdmin] Find role by name
[2023-06-14T19:29:48.334] [INFO] default - [creteRoleAdmin] Role was found:[object Object]
[2023-06-14T19:29:48.343] [INFO] default - [createUserNantoi] Perform dependency injection for IUserEngineRepository
[2023-06-14T19:29:48.343] [INFO] default - [createUserNantoi] Find User by email
[2023-06-14T19:30:34.000] [INFO] default - Server started on port 3000
[2023-06-14T19:30:34.001] [INFO] default - [cretePermissions] Perform dependency injection for IPermissionEngineRepository
[2023-06-14T19:30:34.001] [INFO] default - [cretePermissions] Perform dependency injection for IPermissionGroupEngineRepository
[2023-06-14T19:30:34.001] [INFO] default - [cretePermissions] Start creating all permission automatically..
[2023-06-14T19:30:34.023] [INFO] default - [cretePermissions] Find role by name
[2023-06-14T19:30:34.025] [INFO] default - [cretePermissions] Creating SESSION
[2023-06-14T19:30:34.026] [INFO] default - [cretePermissions] Creating Admin
[2023-06-14T19:30:34.026] [INFO] default - [cretePermissions] Find role by name
[2023-06-14T19:30:34.027] [INFO] default - [cretePermissions] Creating SESSION
[2023-06-14T19:30:34.028] [INFO] default - [cretePermissions] Creating Admin
[2023-06-14T19:30:34.028] [INFO] default - [cretePermissions] End creating all permission automatically..
[2023-06-14T19:30:34.028] [INFO] default - [creteRoleAdmin] Perform dependency injection for IRoleEngineRepository
[2023-06-14T19:30:34.028] [INFO] default - [creteRoleAdmin] Find role by name
[2023-06-14T19:30:34.029] [INFO] default - [creteRoleAdmin] Role was found:[object Object]
[2023-06-14T19:30:34.038] [INFO] default - [createUserNantoi] Perform dependency injection for IUserEngineRepository
[2023-06-14T19:30:34.038] [INFO] default - [createUserNantoi] Find User by email
[2023-06-14T19:30:35.084] [INFO] default - [AuthValidator] checking authorization token
[2023-06-14T19:30:35.085] [INFO] default - [SchedulingController] Perform dependency injection for ISchedulingEngine
[2023-06-14T19:30:35.085] [INFO] default - [GenericOperationTemplate] Begin executing Operation {"operationId":208,"operationValidatorManager":{},"schedulingEngineRepository":{}}
[2023-06-14T19:30:35.087] [INFO] default - [OperationTemplate] Begin executing operation:208
[2023-06-14T19:30:35.087] [INFO] default - [AuthenticationOperationTemplate] Perform dependency injection for ITokenEngineRepository
[2023-06-14T19:30:35.087] [INFO] default - [AuthenticationOperationTemplate] - Begin searching for valid token
[2023-06-14T19:30:35.090] [INFO] default - [AuthenticationOperationTemplate] - Valid token was founded for user nantoi@nantoi.com
[2023-06-14T19:30:35.090] [INFO] default - [AuthenticationOperationTemplate] - Check if user has initial actions
[2023-06-14T19:30:35.090] [INFO] default - Validate if user has permission to execute the operation
[2023-06-14T19:30:35.090] [INFO] default - [OperationValidatorManager] Perform dependency injection for IPermissionEngineRepository
[2023-06-14T19:30:35.090] [INFO] default - Searching permission in data base
[2023-06-14T19:30:35.091] [INFO] default - permission was founded. validate if operation is valid for user
[2023-06-14T19:30:35.095] [INFO] default - [GetSchedulingStatisticsOperatin] Start preparing scheduling statistics...
[2023-06-14T19:30:35.098] [INFO] default - [OperationTemplate] End executing operation 208
[2023-06-14T19:30:35.098] [INFO] default - [GenericOperationTemplate] End executing Operation {"operationId":208,"operationValidatorManager":{},"schedulingEngineRepository":{}}
[2023-06-14T19:30:52.543] [INFO] default - Server started on port 3000
[2023-06-14T19:30:52.544] [INFO] default - [cretePermissions] Perform dependency injection for IPermissionEngineRepository
[2023-06-14T19:30:52.545] [INFO] default - [cretePermissions] Perform dependency injection for IPermissionGroupEngineRepository
[2023-06-14T19:30:52.545] [INFO] default - [cretePermissions] Start creating all permission automatically..
[2023-06-14T19:30:52.571] [INFO] default - [cretePermissions] Find role by name
[2023-06-14T19:30:52.574] [INFO] default - [cretePermissions] Creating SESSION
[2023-06-14T19:30:52.575] [INFO] default - [cretePermissions] Creating Admin
[2023-06-14T19:30:52.576] [INFO] default - [cretePermissions] Find role by name
[2023-06-14T19:30:52.577] [INFO] default - [cretePermissions] Creating SESSION
[2023-06-14T19:30:52.578] [INFO] default - [cretePermissions] Creating Admin
[2023-06-14T19:30:52.578] [INFO] default - [cretePermissions] End creating all permission automatically..
[2023-06-14T19:30:52.578] [INFO] default - [creteRoleAdmin] Perform dependency injection for IRoleEngineRepository
[2023-06-14T19:30:52.578] [INFO] default - [creteRoleAdmin] Find role by name
[2023-06-14T19:30:52.580] [INFO] default - [creteRoleAdmin] Role was found:[object Object]
[2023-06-14T19:30:52.587] [INFO] default - [createUserNantoi] Perform dependency injection for IUserEngineRepository
[2023-06-14T19:30:52.587] [INFO] default - [createUserNantoi] Find User by email
[2023-06-14T19:30:58.708] [INFO] default - Server started on port 3000
[2023-06-14T19:30:58.709] [INFO] default - [cretePermissions] Perform dependency injection for IPermissionEngineRepository
[2023-06-14T19:30:58.710] [INFO] default - [cretePermissions] Perform dependency injection for IPermissionGroupEngineRepository
[2023-06-14T19:30:58.710] [INFO] default - [cretePermissions] Start creating all permission automatically..
[2023-06-14T19:30:58.736] [INFO] default - [cretePermissions] Find role by name
[2023-06-14T19:30:58.738] [INFO] default - [cretePermissions] Creating SESSION
[2023-06-14T19:30:58.739] [INFO] default - [cretePermissions] Creating Admin
[2023-06-14T19:30:58.740] [INFO] default - [cretePermissions] Find role by name
[2023-06-14T19:30:58.740] [INFO] default - [cretePermissions] Creating SESSION
[2023-06-14T19:30:58.741] [INFO] default - [cretePermissions] Creating Admin
[2023-06-14T19:30:58.741] [INFO] default - [cretePermissions] End creating all permission automatically..
[2023-06-14T19:30:58.741] [INFO] default - [creteRoleAdmin] Perform dependency injection for IRoleEngineRepository
[2023-06-14T19:30:58.741] [INFO] default - [creteRoleAdmin] Find role by name
[2023-06-14T19:30:58.743] [INFO] default - [creteRoleAdmin] Role was found:[object Object]
[2023-06-14T19:30:58.751] [INFO] default - [createUserNantoi] Perform dependency injection for IUserEngineRepository
[2023-06-14T19:30:58.751] [INFO] default - [createUserNantoi] Find User by email
[2023-06-14T19:31:51.353] [INFO] default - Server started on port 3000
[2023-06-14T19:31:51.354] [INFO] default - [cretePermissions] Perform dependency injection for IPermissionEngineRepository
[2023-06-14T19:31:51.354] [INFO] default - [cretePermissions] Perform dependency injection for IPermissionGroupEngineRepository
[2023-06-14T19:31:51.355] [INFO] default - [cretePermissions] Start creating all permission automatically..
[2023-06-14T19:31:51.382] [INFO] default - [cretePermissions] Find role by name
[2023-06-14T19:31:51.383] [INFO] default - [cretePermissions] Creating SESSION
[2023-06-14T19:31:51.384] [INFO] default - [cretePermissions] Creating Admin
[2023-06-14T19:31:51.385] [INFO] default - [cretePermissions] Find role by name
[2023-06-14T19:31:51.386] [INFO] default - [cretePermissions] Creating SESSION
[2023-06-14T19:31:51.386] [INFO] default - [cretePermissions] Creating Admin
[2023-06-14T19:31:51.386] [INFO] default - [cretePermissions] End creating all permission automatically..
[2023-06-14T19:31:51.386] [INFO] default - [creteRoleAdmin] Perform dependency injection for IRoleEngineRepository
[2023-06-14T19:31:51.387] [INFO] default - [creteRoleAdmin] Find role by name
[2023-06-14T19:31:51.388] [INFO] default - [creteRoleAdmin] Role was found:[object Object]
[2023-06-14T19:31:51.397] [INFO] default - [createUserNantoi] Perform dependency injection for IUserEngineRepository
[2023-06-14T19:31:51.397] [INFO] default - [createUserNantoi] Find User by email
[2023-06-14T19:41:31.118] [INFO] default - [AuthValidator] checking authorization token
[2023-06-14T19:41:31.118] [INFO] default - [SchedulingController] Perform dependency injection for ISchedulingEngine
[2023-06-14T19:41:31.118] [INFO] default - [GenericOperationTemplate] Begin executing Operation {"operationId":208,"operationValidatorManager":{},"schedulingEngineRepository":{}}
[2023-06-14T19:41:31.119] [INFO] default - [OperationTemplate] Begin executing operation:208
[2023-06-14T19:41:31.119] [INFO] default - [AuthenticationOperationTemplate] Perform dependency injection for ITokenEngineRepository
[2023-06-14T19:41:31.119] [INFO] default - [AuthenticationOperationTemplate] - Begin searching for valid token
[2023-06-14T19:41:31.122] [INFO] default - [AuthenticationOperationTemplate] - Valid token was founded for user nantoi@nantoi.com
[2023-06-14T19:41:31.122] [INFO] default - [AuthenticationOperationTemplate] - Check if user has initial actions
[2023-06-14T19:41:31.123] [INFO] default - Validate if user has permission to execute the operation
[2023-06-14T19:41:31.123] [INFO] default - [OperationValidatorManager] Perform dependency injection for IPermissionEngineRepository
[2023-06-14T19:41:31.123] [INFO] default - Searching permission in data base
[2023-06-14T19:41:31.125] [INFO] default - permission was founded. validate if operation is valid for user
[2023-06-14T19:41:31.128] [INFO] default - [GetSchedulingStatisticsOperatin] Start preparing scheduling statistics...
[2023-06-14T19:41:31.133] [INFO] default - [OperationTemplate] End executing operation 208
[2023-06-14T19:41:31.133] [INFO] default - [GenericOperationTemplate] End executing Operation {"operationId":208,"operationValidatorManager":{},"schedulingEngineRepository":{}}
[2023-06-14T19:42:00.073] [INFO] default - [AuthValidator] checking authorization token
[2023-06-14T19:42:00.073] [INFO] default - [SchedulingController] Perform dependency injection for ISchedulingEngine
[2023-06-14T19:42:00.073] [INFO] default - [GenericOperationTemplate] Begin executing Operation {"operationId":208,"operationValidatorManager":{},"schedulingEngineRepository":{}}
[2023-06-14T19:42:00.073] [INFO] default - [OperationTemplate] Begin executing operation:208
[2023-06-14T19:42:00.074] [INFO] default - [AuthenticationOperationTemplate] Perform dependency injection for ITokenEngineRepository
[2023-06-14T19:42:00.074] [INFO] default - [AuthenticationOperationTemplate] - Begin searching for valid token
[2023-06-14T19:42:00.076] [INFO] default - [AuthenticationOperationTemplate] - Valid token was founded for user nantoi@nantoi.com
[2023-06-14T19:42:00.076] [INFO] default - [AuthenticationOperationTemplate] - Check if user has initial actions
[2023-06-14T19:42:00.076] [INFO] default - Validate if user has permission to execute the operation
[2023-06-14T19:42:00.076] [INFO] default - [OperationValidatorManager] Perform dependency injection for IPermissionEngineRepository
[2023-06-14T19:42:00.076] [INFO] default - Searching permission in data base
[2023-06-14T19:42:00.078] [INFO] default - permission was founded. validate if operation is valid for user
[2023-06-14T19:42:00.080] [INFO] default - [GetSchedulingStatisticsOperatin] Start preparing scheduling statistics...
[2023-06-14T19:42:00.081] [INFO] default - [OperationTemplate] End executing operation 208
[2023-06-14T19:42:00.081] [INFO] default - [GenericOperationTemplate] End executing Operation {"operationId":208,"operationValidatorManager":{},"schedulingEngineRepository":{}}
[2023-06-14T19:42:02.092] [INFO] default - [AuthValidator] checking authorization token
[2023-06-14T19:42:02.092] [INFO] default - [SchedulingController] Perform dependency injection for ISchedulingEngine
[2023-06-14T19:42:02.092] [INFO] default - [GenericOperationTemplate] Begin executing Operation {"operationId":208,"operationValidatorManager":{},"schedulingEngineRepository":{}}
[2023-06-14T19:42:02.092] [INFO] default - [OperationTemplate] Begin executing operation:208
[2023-06-14T19:42:02.092] [INFO] default - [AuthenticationOperationTemplate] Perform dependency injection for ITokenEngineRepository
[2023-06-14T19:42:02.092] [INFO] default - [AuthenticationOperationTemplate] - Begin searching for valid token
[2023-06-14T19:42:02.094] [INFO] default - [AuthenticationOperationTemplate] - Valid token was founded for user nantoi@nantoi.com
[2023-06-14T19:42:02.094] [INFO] default - [AuthenticationOperationTemplate] - Check if user has initial actions
[2023-06-14T19:42:02.095] [INFO] default - Validate if user has permission to execute the operation
[2023-06-14T19:42:02.095] [INFO] default - [OperationValidatorManager] Perform dependency injection for IPermissionEngineRepository
[2023-06-14T19:42:02.095] [INFO] default - Searching permission in data base
[2023-06-14T19:42:02.095] [INFO] default - permission was founded. validate if operation is valid for user
[2023-06-14T19:42:02.096] [INFO] default - [GetSchedulingStatisticsOperatin] Start preparing scheduling statistics...
[2023-06-14T19:42:02.098] [INFO] default - [OperationTemplate] End executing operation 208
[2023-06-14T19:42:02.098] [INFO] default - [GenericOperationTemplate] End executing Operation {"operationId":208,"operationValidatorManager":{},"schedulingEngineRepository":{}}
[2023-06-14T19:42:03.957] [INFO] default - [AuthValidator] checking authorization token
[2023-06-14T19:42:03.957] [INFO] default - [SchedulingController] Perform dependency injection for ISchedulingEngine
[2023-06-14T19:42:03.957] [INFO] default - [GenericOperationTemplate] Begin executing Operation {"operationId":208,"operationValidatorManager":{},"schedulingEngineRepository":{}}
[2023-06-14T19:42:03.958] [INFO] default - [OperationTemplate] Begin executing operation:208
[2023-06-14T19:42:03.958] [INFO] default - [AuthenticationOperationTemplate] Perform dependency injection for ITokenEngineRepository
[2023-06-14T19:42:03.958] [INFO] default - [AuthenticationOperationTemplate] - Begin searching for valid token
[2023-06-14T19:42:03.960] [INFO] default - [AuthenticationOperationTemplate] - Valid token was founded for user nantoi@nantoi.com
[2023-06-14T19:42:03.960] [INFO] default - [AuthenticationOperationTemplate] - Check if user has initial actions
[2023-06-14T19:42:03.960] [INFO] default - Validate if user has permission to execute the operation
[2023-06-14T19:42:03.960] [INFO] default - [OperationValidatorManager] Perform dependency injection for IPermissionEngineRepository
[2023-06-14T19:42:03.960] [INFO] default - Searching permission in data base
[2023-06-14T19:42:03.961] [INFO] default - permission was founded. validate if operation is valid for user
[2023-06-14T19:42:03.962] [INFO] default - [GetSchedulingStatisticsOperatin] Start preparing scheduling statistics...
[2023-06-14T19:42:03.963] [INFO] default - [OperationTemplate] End executing operation 208
[2023-06-14T19:42:03.963] [INFO] default - [GenericOperationTemplate] End executing Operation {"operationId":208,"operationValidatorManager":{},"schedulingEngineRepository":{}}
[2023-06-14T19:45:24.448] [INFO] default - Server started on port 3000
[2023-06-14T19:45:24.448] [INFO] default - [cretePermissions] Perform dependency injection for IPermissionEngineRepository
[2023-06-14T19:45:24.449] [INFO] default - [cretePermissions] Perform dependency injection for IPermissionGroupEngineRepository
[2023-06-14T19:45:24.449] [INFO] default - [cretePermissions] Start creating all permission automatically..
[2023-06-14T19:45:24.478] [INFO] default - [cretePermissions] Find role by name
[2023-06-14T19:45:24.480] [INFO] default - [cretePermissions] Creating SESSION
[2023-06-14T19:45:24.481] [INFO] default - [cretePermissions] Creating Admin
[2023-06-14T19:45:24.482] [INFO] default - [cretePermissions] Find role by name
[2023-06-14T19:45:24.483] [INFO] default - [cretePermissions] Creating SESSION
[2023-06-14T19:45:24.484] [INFO] default - [cretePermissions] Creating Admin
[2023-06-14T19:45:24.484] [INFO] default - [cretePermissions] End creating all permission automatically..
[2023-06-14T19:45:24.485] [INFO] default - [creteRoleAdmin] Perform dependency injection for IRoleEngineRepository
[2023-06-14T19:45:24.485] [INFO] default - [creteRoleAdmin] Find role by name
[2023-06-14T19:45:24.487] [INFO] default - [creteRoleAdmin] Role was found:[object Object]
[2023-06-14T19:45:24.496] [INFO] default - [createUserNantoi] Perform dependency injection for IUserEngineRepository
[2023-06-14T19:45:24.497] [INFO] default - [createUserNantoi] Find User by email
[2023-06-14T19:45:36.103] [INFO] default - Server started on port 3000
[2023-06-14T19:45:36.104] [INFO] default - [cretePermissions] Perform dependency injection for IPermissionEngineRepository
[2023-06-14T19:45:36.105] [INFO] default - [cretePermissions] Perform dependency injection for IPermissionGroupEngineRepository
[2023-06-14T19:45:36.105] [INFO] default - [cretePermissions] Start creating all permission automatically..
[2023-06-14T19:45:36.129] [INFO] default - [cretePermissions] Find role by name
[2023-06-14T19:45:36.130] [INFO] default - [cretePermissions] Creating SESSION
[2023-06-14T19:45:36.131] [INFO] default - [cretePermissions] Creating Admin
[2023-06-14T19:45:36.132] [INFO] default - [cretePermissions] Find role by name
[2023-06-14T19:45:36.132] [INFO] default - [cretePermissions] Creating SESSION
[2023-06-14T19:45:36.133] [INFO] default - [cretePermissions] Creating Admin
[2023-06-14T19:45:36.133] [INFO] default - [cretePermissions] End creating all permission automatically..
[2023-06-14T19:45:36.133] [INFO] default - [creteRoleAdmin] Perform dependency injection for IRoleEngineRepository
[2023-06-14T19:45:36.133] [INFO] default - [creteRoleAdmin] Find role by name
[2023-06-14T19:45:36.135] [INFO] default - [creteRoleAdmin] Role was found:[object Object]
[2023-06-14T19:45:36.142] [INFO] default - [createUserNantoi] Perform dependency injection for IUserEngineRepository
[2023-06-14T19:45:36.142] [INFO] default - [createUserNantoi] Find User by email
[2023-06-14T19:45:59.703] [INFO] default - Server started on port 3000
[2023-06-14T19:45:59.704] [INFO] default - [cretePermissions] Perform dependency injection for IPermissionEngineRepository
[2023-06-14T19:45:59.704] [INFO] default - [cretePermissions] Perform dependency injection for IPermissionGroupEngineRepository
[2023-06-14T19:45:59.704] [INFO] default - [cretePermissions] Start creating all permission automatically..
[2023-06-14T19:45:59.729] [INFO] default - [cretePermissions] Find role by name
[2023-06-14T19:45:59.731] [INFO] default - [cretePermissions] Creating SESSION
[2023-06-14T19:45:59.733] [INFO] default - [cretePermissions] Creating Admin
[2023-06-14T19:45:59.734] [INFO] default - [cretePermissions] Find role by name
[2023-06-14T19:45:59.735] [INFO] default - [cretePermissions] Creating SESSION
[2023-06-14T19:45:59.736] [INFO] default - [cretePermissions] Creating Admin
[2023-06-14T19:45:59.736] [INFO] default - [cretePermissions] End creating all permission automatically..
[2023-06-14T19:45:59.736] [INFO] default - [creteRoleAdmin] Perform dependency injection for IRoleEngineRepository
[2023-06-14T19:45:59.736] [INFO] default - [creteRoleAdmin] Find role by name
[2023-06-14T19:45:59.737] [INFO] default - [creteRoleAdmin] Role was found:[object Object]
[2023-06-14T19:45:59.746] [INFO] default - [createUserNantoi] Perform dependency injection for IUserEngineRepository
[2023-06-14T19:45:59.746] [INFO] default - [createUserNantoi] Find User by email
[2023-06-14T19:46:01.679] [INFO] default - [AuthValidator] checking authorization token
[2023-06-14T19:46:01.679] [INFO] default - [SchedulingController] Perform dependency injection for ISchedulingEngine
[2023-06-14T19:46:01.679] [INFO] default - [GenericOperationTemplate] Begin executing Operation {"operationId":208,"operationValidatorManager":{},"schedulingEngineRepository":{}}
[2023-06-14T19:46:01.680] [INFO] default - [OperationTemplate] Begin executing operation:208
[2023-06-14T19:46:01.680] [INFO] default - [AuthenticationOperationTemplate] Perform dependency injection for ITokenEngineRepository
[2023-06-14T19:46:01.680] [INFO] default - [AuthenticationOperationTemplate] - Begin searching for valid token
[2023-06-14T19:46:01.682] [INFO] default - [AuthenticationOperationTemplate] - Valid token was founded for user nantoi@nantoi.com
[2023-06-14T19:46:01.682] [INFO] default - [AuthenticationOperationTemplate] - Check if user has initial actions
[2023-06-14T19:46:01.682] [INFO] default - Validate if user has permission to execute the operation
[2023-06-14T19:46:01.683] [INFO] default - [OperationValidatorManager] Perform dependency injection for IPermissionEngineRepository
[2023-06-14T19:46:01.683] [INFO] default - Searching permission in data base
[2023-06-14T19:46:01.684] [INFO] default - permission was founded. validate if operation is valid for user
[2023-06-14T19:46:01.686] [INFO] default - [GetSchedulingStatisticsOperatin] Start preparing scheduling statistics...
[2023-06-14T19:46:01.688] [INFO] default - [OperationTemplate] End executing operation 208
[2023-06-14T19:46:01.688] [INFO] default - [GenericOperationTemplate] End executing Operation {"operationId":208,"operationValidatorManager":{},"schedulingEngineRepository":{}}
[2023-06-14T19:46:03.804] [INFO] default - [AuthValidator] checking authorization token
[2023-06-14T19:46:03.804] [INFO] default - [SchedulingController] Perform dependency injection for ISchedulingEngine
[2023-06-14T19:46:03.804] [INFO] default - [GenericOperationTemplate] Begin executing Operation {"operationId":208,"operationValidatorManager":{},"schedulingEngineRepository":{}}
[2023-06-14T19:46:03.805] [INFO] default - [OperationTemplate] Begin executing operation:208
[2023-06-14T19:46:03.805] [INFO] default - [AuthenticationOperationTemplate] Perform dependency injection for ITokenEngineRepository
[2023-06-14T19:46:03.805] [INFO] default - [AuthenticationOperationTemplate] - Begin searching for valid token
[2023-06-14T19:46:03.807] [INFO] default - [AuthenticationOperationTemplate] - Valid token was founded for user nantoi@nantoi.com
[2023-06-14T19:46:03.807] [INFO] default - [AuthenticationOperationTemplate] - Check if user has initial actions
[2023-06-14T19:46:03.807] [INFO] default - Validate if user has permission to execute the operation
[2023-06-14T19:46:03.808] [INFO] default - [OperationValidatorManager] Perform dependency injection for IPermissionEngineRepository
[2023-06-14T19:46:03.808] [INFO] default - Searching permission in data base
[2023-06-14T19:46:03.809] [INFO] default - permission was founded. validate if operation is valid for user
[2023-06-14T19:46:03.811] [INFO] default - [GetSchedulingStatisticsOperatin] Start preparing scheduling statistics...
[2023-06-14T19:46:03.813] [INFO] default - [OperationTemplate] End executing operation 208
[2023-06-14T19:46:03.813] [INFO] default - [GenericOperationTemplate] End executing Operation {"operationId":208,"operationValidatorManager":{},"schedulingEngineRepository":{}}
[2023-06-14T19:47:59.102] [INFO] default - Server started on port 3000
[2023-06-14T19:47:59.103] [INFO] default - [cretePermissions] Perform dependency injection for IPermissionEngineRepository
[2023-06-14T19:47:59.104] [INFO] default - [cretePermissions] Perform dependency injection for IPermissionGroupEngineRepository
[2023-06-14T19:47:59.104] [INFO] default - [cretePermissions] Start creating all permission automatically..
[2023-06-14T19:47:59.128] [INFO] default - [cretePermissions] Find role by name
[2023-06-14T19:47:59.130] [INFO] default - [cretePermissions] Creating SESSION
[2023-06-14T19:47:59.131] [INFO] default - [cretePermissions] Creating Admin
[2023-06-14T19:47:59.131] [INFO] default - [cretePermissions] Find role by name
[2023-06-14T19:47:59.132] [INFO] default - [cretePermissions] Creating SESSION
[2023-06-14T19:47:59.132] [INFO] default - [cretePermissions] Creating Admin
[2023-06-14T19:47:59.132] [INFO] default - [cretePermissions] End creating all permission automatically..
[2023-06-14T19:47:59.133] [INFO] default - [creteRoleAdmin] Perform dependency injection for IRoleEngineRepository
[2023-06-14T19:47:59.133] [INFO] default - [creteRoleAdmin] Find role by name
[2023-06-14T19:47:59.134] [INFO] default - [creteRoleAdmin] Role was found:[object Object]
[2023-06-14T19:47:59.143] [INFO] default - [createUserNantoi] Perform dependency injection for IUserEngineRepository
[2023-06-14T19:47:59.143] [INFO] default - [createUserNantoi] Find User by email
[2023-06-14T19:48:23.873] [INFO] default - [AuthValidator] checking authorization token
[2023-06-14T19:48:23.873] [INFO] default - [SchedulingController] Perform dependency injection for ISchedulingEngine
[2023-06-14T19:48:23.873] [INFO] default - [GenericOperationTemplate] Begin executing Operation {"operationId":208,"operationValidatorManager":{},"schedulingEngineRepository":{}}
[2023-06-14T19:48:23.874] [INFO] default - [OperationTemplate] Begin executing operation:208
[2023-06-14T19:48:23.874] [INFO] default - [AuthenticationOperationTemplate] Perform dependency injection for ITokenEngineRepository
[2023-06-14T19:48:23.874] [INFO] default - [AuthenticationOperationTemplate] - Begin searching for valid token
[2023-06-14T19:48:23.877] [INFO] default - [AuthenticationOperationTemplate] - Valid token was founded for user nantoi@nantoi.com
[2023-06-14T19:48:23.877] [INFO] default - [AuthenticationOperationTemplate] - Check if user has initial actions
[2023-06-14T19:48:23.878] [INFO] default - Validate if user has permission to execute the operation
[2023-06-14T19:48:23.878] [INFO] default - [OperationValidatorManager] Perform dependency injection for IPermissionEngineRepository
[2023-06-14T19:48:23.878] [INFO] default - Searching permission in data base
[2023-06-14T19:48:23.879] [INFO] default - permission was founded. validate if operation is valid for user
[2023-06-14T19:48:23.882] [INFO] default - [GetSchedulingStatisticsOperatin] Start preparing scheduling statistics...
[2023-06-14T19:48:23.883] [INFO] default - [OperationTemplate] End executing operation 208
[2023-06-14T19:48:23.884] [INFO] default - [GenericOperationTemplate] End executing Operation {"operationId":208,"operationValidatorManager":{},"schedulingEngineRepository":{}}
[2023-06-14T19:49:35.688] [INFO] default - Server started on port 3000
[2023-06-14T19:49:35.689] [INFO] default - [cretePermissions] Perform dependency injection for IPermissionEngineRepository
[2023-06-14T19:49:35.689] [INFO] default - [cretePermissions] Perform dependency injection for IPermissionGroupEngineRepository
[2023-06-14T19:49:35.689] [INFO] default - [cretePermissions] Start creating all permission automatically..
[2023-06-14T19:49:35.711] [INFO] default - [cretePermissions] Find role by name
[2023-06-14T19:49:35.712] [INFO] default - [cretePermissions] Creating SESSION
[2023-06-14T19:49:35.713] [INFO] default - [cretePermissions] Creating Admin
[2023-06-14T19:49:35.714] [INFO] default - [cretePermissions] Find role by name
[2023-06-14T19:49:35.714] [INFO] default - [cretePermissions] Creating SESSION
[2023-06-14T19:49:35.715] [INFO] default - [cretePermissions] Creating Admin
[2023-06-14T19:49:35.715] [INFO] default - [cretePermissions] End creating all permission automatically..
[2023-06-14T19:49:35.715] [INFO] default - [creteRoleAdmin] Perform dependency injection for IRoleEngineRepository
[2023-06-14T19:49:35.715] [INFO] default - [creteRoleAdmin] Find role by name
[2023-06-14T19:49:35.716] [INFO] default - [creteRoleAdmin] Role was found:[object Object]
[2023-06-14T19:49:35.723] [INFO] default - [createUserNantoi] Perform dependency injection for IUserEngineRepository
[2023-06-14T19:49:35.723] [INFO] default - [createUserNantoi] Find User by email
[2023-06-14T19:49:46.343] [INFO] default - [AuthValidator] checking authorization token
[2023-06-14T19:49:46.344] [INFO] default - [SchedulingController] Perform dependency injection for ISchedulingEngine
[2023-06-14T19:49:46.344] [INFO] default - [GenericOperationTemplate] Begin executing Operation {"operationId":208,"operationValidatorManager":{},"schedulingEngineRepository":{}}
[2023-06-14T19:49:46.345] [INFO] default - [OperationTemplate] Begin executing operation:208
[2023-06-14T19:49:46.345] [INFO] default - [AuthenticationOperationTemplate] Perform dependency injection for ITokenEngineRepository
[2023-06-14T19:49:46.345] [INFO] default - [AuthenticationOperationTemplate] - Begin searching for valid token
[2023-06-14T19:49:46.347] [INFO] default - [AuthenticationOperationTemplate] - Valid token was founded for user nantoi@nantoi.com
[2023-06-14T19:49:46.347] [INFO] default - [AuthenticationOperationTemplate] - Check if user has initial actions
[2023-06-14T19:49:46.347] [INFO] default - Validate if user has permission to execute the operation
[2023-06-14T19:49:46.347] [INFO] default - [OperationValidatorManager] Perform dependency injection for IPermissionEngineRepository
[2023-06-14T19:49:46.347] [INFO] default - Searching permission in data base
[2023-06-14T19:49:46.348] [INFO] default - permission was founded. validate if operation is valid for user
[2023-06-14T19:49:46.351] [INFO] default - [GetSchedulingStatisticsOperatin] Start preparing scheduling statistics...
[2023-06-14T19:49:46.353] [ERROR] default - [OperationTemplate] Error while executing operationTypeError: Cannot read properties of null (reading 'totalSchedulingDay')
[2023-06-14T19:49:46.354] [INFO] default - [OperationTemplate] End executing operation 208
[2023-06-14T19:49:46.354] [ERROR] default - [GenericOperationTemplate] - Error while executing operationError: Ocorreu um erro interno no servidor. Por favor, contacte a equipa da Nantoi Digital
[2023-06-14T19:49:46.354] [INFO] default - [GenericOperationTemplate] End executing Operation {"operationId":208,"operationValidatorManager":{},"schedulingEngineRepository":{}}
